# JRE version: Java(TM) SE Runtime Environment (17.0.2+8) (build 17.0.2+8-LTS-86)
# Java VM: Java HotSpot(TM) 64-Bit Server VM (17.0.2+8-LTS-86, mixed mode, sharing, tiered, compressed oops, compressed class ptrs, g1 gc, windows-amd64)
GC Precious Log:
 CPUs: 8 total, 8 available
 Memory: 7967M
 Large Page Support: Disabled
 NUMA Support: Disabled
 Compressed Oops: Enabled (32-bit)
 Heap Region Size: 1M
 Heap Min Capacity: 8M
 Heap Initial Capacity: 126M
 Heap Max Capacity: 1992M
 Pre-touch: Disabled
 Parallel Workers: 8
 Concurrent Workers: 2
 Concurrent Refinement Workers: 8
 Periodic GC: Disabled
Heap:
 garbage-first heap   total 388096K, used 3657K [0x0000000083800000, 0x0000000100000000)
  region size 1024K, 3 young (3072K), 3 survivors (3072K)
 Metaspace       used 5277K, committed 5440K, reserved 1056768K
  class space    used 661K, committed 704K, reserved 1048576K
GC Heap History (20 events):
Event: 0.853 GC heap after
{Heap after GC invocations=5 (full 0):
 garbage-first heap   total 129024K, used 3072K [0x0000000083800000, 0x0000000100000000)
  region size 1024K, 2 young (2048K), 2 survivors (2048K)
 Metaspace       used 5051K, committed 5248K, reserved 1056768K
  class space    used 647K, committed 704K, reserved 1048576K
}
Event: 0.879 GC heap before
{Heap before GC invocations=5 (full 0):
 garbage-first heap   total 129024K, used 77824K [0x0000000083800000, 0x0000000100000000)
  region size 1024K, 75 young (76800K), 2 survivors (2048K)
 Metaspace       used 5053K, committed 5248K, reserved 1056768K
  class space    used 647K, committed 704K, reserved 1048576K
}
Event: 0.883 GC heap after
{Heap after GC invocations=6 (full 0):
 garbage-first heap   total 251904K, used 3204K [0x0000000083800000, 0x0000000100000000)
  region size 1024K, 3 young (3072K), 3 survivors (3072K)
 Metaspace       used 5053K, committed 5248K, reserved 1056768K
  class space    used 647K, committed 704K, reserved 1048576K
}
Event: 0.959 GC heap before
{Heap before GC invocations=6 (full 0):
 garbage-first heap   total 251904K, used 150660K [0x0000000083800000, 0x0000000100000000)
  region size 1024K, 147 young (150528K), 3 survivors (3072K)
 Metaspace       used 5054K, committed 5248K, reserved 1056768K
  class space    used 647K, committed 704K, reserved 1048576K
}
Event: 0.961 GC heap after
{Heap after GC invocations=7 (full 0):
 garbage-first heap   total 251904K, used 3231K [0x0000000083800000, 0x0000000100000000)
  region size 1024K, 3 young (3072K), 3 survivors (3072K)
 Metaspace       used 5054K, committed 5248K, reserved 1056768K
  class space    used 647K, committed 704K, reserved 1048576K
}
Event: 0.995 GC heap before
{Heap before GC invocations=7 (full 0):
 garbage-first heap   total 251904K, used 150687K [0x0000000083800000, 0x0000000100000000)
  region size 1024K, 147 young (150528K), 3 survivors (3072K)
 Metaspace       used 5061K, committed 5248K, reserved 1056768K
  class space    used 647K, committed 704K, reserved 1048576K
}
Event: 0.997 GC heap after
{Heap after GC invocations=8 (full 0):
 garbage-first heap   total 251904K, used 3226K [0x0000000083800000, 0x0000000100000000)
  region size 1024K, 3 young (3072K), 3 survivors (3072K)
 Metaspace       used 5061K, committed 5248K, reserved 1056768K
  class space    used 647K, committed 704K, reserved 1048576K
}
Event: 1.044 GC heap before
{Heap before GC invocations=8 (full 0):
 garbage-first heap   total 251904K, used 150682K [0x0000000083800000, 0x0000000100000000)
  region size 1024K, 147 young (150528K), 3 survivors (3072K)
 Metaspace       used 5061K, committed 5248K, reserved 1056768K
  class space    used 647K, committed 704K, reserved 1048576K
}
Event: 1.046 GC heap after
{Heap after GC invocations=9 (full 0):
 garbage-first heap   total 251904K, used 3147K [0x0000000083800000, 0x0000000100000000)
  region size 1024K, 3 young (3072K), 3 survivors (3072K)
 Metaspace       used 5061K, committed 5248K, reserved 1056768K
  class space    used 647K, committed 704K, reserved 1048576K
}
Event: 1.083 GC heap before
{Heap before GC invocations=9 (full 0):
 garbage-first heap   total 251904K, used 150603K [0x0000000083800000, 0x0000000100000000)
  region size 1024K, 147 young (150528K), 3 survivors (3072K)
 Metaspace       used 5067K, committed 5248K, reserved 1056768K
  class space    used 647K, committed 704K, reserved 1048576K
}
Event: 1.086 GC heap after
{Heap after GC invocations=10 (full 0):
 garbage-first heap   total 388096K, used 3306K [0x0000000083800000, 0x0000000100000000)
  region size 1024K, 3 young (3072K), 3 survivors (3072K)
 Metaspace       used 5067K, committed 5248K, reserved 1056768K
  class space    used 647K, committed 704K, reserved 1048576K
}
Event: 1.223 GC heap before
{Heap before GC invocations=10 (full 0):
 garbage-first heap   total 388096K, used 232682K [0x0000000083800000, 0x0000000100000000)
  region size 1024K, 227 young (232448K), 3 survivors (3072K)
 Metaspace       used 5277K, committed 5440K, reserved 1056768K
  class space    used 661K, committed 704K, reserved 1048576K
}
Event: 1.226 GC heap after
{Heap after GC invocations=11 (full 0):
 garbage-first heap   total 388096K, used 3653K [0x0000000083800000, 0x0000000100000000)
  region size 1024K, 3 young (3072K), 3 survivors (3072K)
 Metaspace       used 5277K, committed 5440K, reserved 1056768K
  class space    used 661K, committed 704K, reserved 1048576K
}
Event: 1.275 GC heap before
{Heap before GC invocations=11 (full 0):
 garbage-first heap   total 388096K, used 233029K [0x0000000083800000, 0x0000000100000000)
  region size 1024K, 227 young (232448K), 3 survivors (3072K)
 Metaspace       used 5277K, committed 5440K, reserved 1056768K
  class space    used 661K, committed 704K, reserved 1048576K
}
Event: 1.277 GC heap after
{Heap after GC invocations=12 (full 0):
 garbage-first heap   total 388096K, used 3701K [0x0000000083800000, 0x0000000100000000)
  region size 1024K, 3 young (3072K), 3 survivors (3072K)
 Metaspace       used 5277K, committed 5440K, reserved 1056768K
  class space    used 661K, committed 704K, reserved 1048576K
}
Event: 1.330 GC heap before
{Heap before GC invocations=12 (full 0):
 garbage-first heap   total 388096K, used 233077K [0x0000000083800000, 0x0000000100000000)
  region size 1024K, 227 young (232448K), 3 survivors (3072K)
 Metaspace       used 5277K, committed 5440K, reserved 1056768K
  class space    used 661K, committed 704K, reserved 1048576K
}
Event: 1.332 GC heap after
{Heap after GC invocations=13 (full 0):
 garbage-first heap   total 388096K, used 3658K [0x0000000083800000, 0x0000000100000000)
  region size 1024K, 3 young (3072K), 3 survivors (3072K)
 Metaspace       used 5277K, committed 5440K, reserved 1056768K
  class space    used 661K, committed 704K, reserved 1048576K
}
Event: 1.376 GC heap before
{Heap before GC invocations=13 (full 0):
 garbage-first heap   total 388096K, used 233034K [0x0000000083800000, 0x0000000100000000)
  region size 1024K, 227 young (232448K), 3 survivors (3072K)
 Metaspace       used 5277K, committed 5440K, reserved 1056768K
  class space    used 661K, committed 704K, reserved 1048576K
}
Event: 1.378 GC heap after
{Heap after GC invocations=14 (full 0):
 garbage-first heap   total 388096K, used 3718K [0x0000000083800000, 0x0000000100000000)
  region size 1024K, 3 young (3072K), 3 survivors (3072K)
 Metaspace       used 5277K, committed 5440K, reserved 1056768K
  class space    used 661K, committed 704K, reserved 1048576K
}
Event: 1.422 GC heap before
{Heap before GC invocations=14 (full 0):
 garbage-first heap   total 388096K, used 233094K [0x0000000083800000, 0x0000000100000000)
  region size 1024K, 227 young (232448K), 3 survivors (3072K)
 Metaspace       used 5277K, committed 5440K, reserved 1056768K
  class space    used 661K, committed 704K, reserved 1048576K
}

