# JRE version: Java(TM) SE Runtime Environment (17.0.2+8) (build 17.0.2+8-LTS-86)
# Java VM: Java HotSpot(TM) 64-Bit Server VM (17.0.2+8-LTS-86, mixed mode, sharing, tiered, compressed oops, compressed class ptrs, g1 gc, windows-amd64)
GC Precious Log:
 CPUs: 8 total, 8 available
 Memory: 7967M
 Large Page Support: Disabled
 NUMA Support: Disabled
 Compressed Oops: Enabled (32-bit)
 Heap Region Size: 1M
 Heap Min Capacity: 8M
 Heap Initial Capacity: 126M
 Heap Max Capacity: 1992M
 Pre-touch: Disabled
 Parallel Workers: 8
 Concurrent Workers: 2
 Concurrent Refinement Workers: 8
 Periodic GC: Disabled
Heap:
 garbage-first heap   total 346112K, used 4933K [0x0000000083800000, 0x0000000100000000)
  region size 1024K, 1 young (1024K), 1 survivors (1024K)
 Metaspace       used 5272K, committed 5504K, reserved 1056768K
  class space    used 664K, committed 768K, reserved 1048576K
GC Heap History (20 events):
Event: 0.898 GC heap after
{Heap after GC invocations=6 (full 0):
 garbage-first heap   total 212992K, used 4096K [0x0000000083800000, 0x0000000100000000)
  region size 1024K, 2 young (2048K), 2 survivors (2048K)
 Metaspace       used 5053K, committed 5248K, reserved 1056768K
  class space    used 649K, committed 704K, reserved 1048576K
}
Event: 0.996 GC heap before
{Heap before GC invocations=6 (full 0):
 garbage-first heap   total 212992K, used 129024K [0x0000000083800000, 0x0000000100000000)
  region size 1024K, 124 young (126976K), 2 survivors (2048K)
 Metaspace       used 5053K, committed 5248K, reserved 1056768K
  class space    used 649K, committed 704K, reserved 1048576K
}
Event: 0.998 GC heap after
{Heap after GC invocations=7 (full 0):
 garbage-first heap   total 212992K, used 4251K [0x0000000083800000, 0x0000000100000000)
  region size 1024K, 3 young (3072K), 3 survivors (3072K)
 Metaspace       used 5053K, committed 5248K, reserved 1056768K
  class space    used 649K, committed 704K, reserved 1048576K
}
Event: 1.040 GC heap before
{Heap before GC invocations=7 (full 0):
 garbage-first heap   total 212992K, used 128155K [0x0000000083800000, 0x0000000100000000)
  region size 1024K, 124 young (126976K), 3 survivors (3072K)
 Metaspace       used 5053K, committed 5248K, reserved 1056768K
  class space    used 649K, committed 704K, reserved 1048576K
}
Event: 1.042 GC heap after
{Heap after GC invocations=8 (full 0):
 garbage-first heap   total 212992K, used 4172K [0x0000000083800000, 0x0000000100000000)
  region size 1024K, 3 young (3072K), 3 survivors (3072K)
 Metaspace       used 5053K, committed 5248K, reserved 1056768K
  class space    used 649K, committed 704K, reserved 1048576K
}
Event: 1.067 GC heap before
{Heap before GC invocations=8 (full 0):
 garbage-first heap   total 212992K, used 128076K [0x0000000083800000, 0x0000000100000000)
  region size 1024K, 124 young (126976K), 3 survivors (3072K)
 Metaspace       used 5053K, committed 5248K, reserved 1056768K
  class space    used 649K, committed 704K, reserved 1048576K
}
Event: 1.069 GC heap after
{Heap after GC invocations=9 (full 0):
 garbage-first heap   total 212992K, used 4172K [0x0000000083800000, 0x0000000100000000)
  region size 1024K, 3 young (3072K), 3 survivors (3072K)
 Metaspace       used 5053K, committed 5248K, reserved 1056768K
  class space    used 649K, committed 704K, reserved 1048576K
}
Event: 1.093 GC heap before
{Heap before GC invocations=9 (full 0):
 garbage-first heap   total 212992K, used 128076K [0x0000000083800000, 0x0000000100000000)
  region size 1024K, 124 young (126976K), 3 survivors (3072K)
 Metaspace       used 5053K, committed 5248K, reserved 1056768K
  class space    used 649K, committed 704K, reserved 1048576K
}
Event: 1.096 GC heap after
{Heap after GC invocations=10 (full 0):
 garbage-first heap   total 346112K, used 4172K [0x0000000083800000, 0x0000000100000000)
  region size 1024K, 3 young (3072K), 3 survivors (3072K)
 Metaspace       used 5053K, committed 5248K, reserved 1056768K
  class space    used 649K, committed 704K, reserved 1048576K
}
Event: 1.206 GC heap before
{Heap before GC invocations=10 (full 0):
 garbage-first heap   total 346112K, used 207948K [0x0000000083800000, 0x0000000100000000)
  region size 1024K, 202 young (206848K), 3 survivors (3072K)
 Metaspace       used 5253K, committed 5504K, reserved 1056768K
  class space    used 664K, committed 768K, reserved 1048576K
}
Event: 1.209 GC heap after
{Heap after GC invocations=11 (full 0):
 garbage-first heap   total 346112K, used 4637K [0x0000000083800000, 0x0000000100000000)
  region size 1024K, 3 young (3072K), 3 survivors (3072K)
 Metaspace       used 5253K, committed 5504K, reserved 1056768K
  class space    used 664K, committed 768K, reserved 1048576K
}
Event: 1.241 GC heap before
{Heap before GC invocations=11 (full 0):
 garbage-first heap   total 346112K, used 208413K [0x0000000083800000, 0x0000000100000000)
  region size 1024K, 202 young (206848K), 3 survivors (3072K)
 Metaspace       used 5253K, committed 5504K, reserved 1056768K
  class space    used 664K, committed 768K, reserved 1048576K
}
Event: 1.244 GC heap after
{Heap after GC invocations=12 (full 0):
 garbage-first heap   total 346112K, used 4766K [0x0000000083800000, 0x0000000100000000)
  region size 1024K, 3 young (3072K), 3 survivors (3072K)
 Metaspace       used 5253K, committed 5504K, reserved 1056768K
  class space    used 664K, committed 768K, reserved 1048576K
}
Event: 1.288 GC heap before
{Heap before GC invocations=12 (full 0):
 garbage-first heap   total 346112K, used 208542K [0x0000000083800000, 0x0000000100000000)
  region size 1024K, 202 young (206848K), 3 survivors (3072K)
 Metaspace       used 5264K, committed 5504K, reserved 1056768K
  class space    used 664K, committed 768K, reserved 1048576K
}
Event: 1.290 GC heap after
{Heap after GC invocations=13 (full 0):
 garbage-first heap   total 346112K, used 4687K [0x0000000083800000, 0x0000000100000000)
  region size 1024K, 3 young (3072K), 3 survivors (3072K)
 Metaspace       used 5264K, committed 5504K, reserved 1056768K
  class space    used 664K, committed 768K, reserved 1048576K
}
Event: 1.374 GC heap before
{Heap before GC invocations=13 (full 0):
 garbage-first heap   total 346112K, used 208463K [0x0000000083800000, 0x0000000100000000)
  region size 1024K, 202 young (206848K), 3 survivors (3072K)
 Metaspace       used 5272K, committed 5504K, reserved 1056768K
  class space    used 664K, committed 768K, reserved 1048576K
}
Event: 1.376 GC heap after
{Heap after GC invocations=14 (full 0):
 garbage-first heap   total 346112K, used 4683K [0x0000000083800000, 0x0000000100000000)
  region size 1024K, 3 young (3072K), 3 survivors (3072K)
 Metaspace       used 5272K, committed 5504K, reserved 1056768K
  class space    used 664K, committed 768K, reserved 1048576K
}
Event: 1.442 GC heap before
{Heap before GC invocations=14 (full 0):
 garbage-first heap   total 346112K, used 208459K [0x0000000083800000, 0x0000000100000000)
  region size 1024K, 202 young (206848K), 3 survivors (3072K)
 Metaspace       used 5272K, committed 5504K, reserved 1056768K
  class space    used 664K, committed 768K, reserved 1048576K
}
Event: 1.444 GC heap after
{Heap after GC invocations=15 (full 0):
 garbage-first heap   total 346112K, used 4687K [0x0000000083800000, 0x0000000100000000)
  region size 1024K, 3 young (3072K), 3 survivors (3072K)
 Metaspace       used 5272K, committed 5504K, reserved 1056768K
  class space    used 664K, committed 768K, reserved 1048576K
}
Event: 1.529 GC heap before
{Heap before GC invocations=15 (full 0):
 garbage-first heap   total 346112K, used 208463K [0x0000000083800000, 0x0000000100000000)
  region size 1024K, 202 young (206848K), 3 survivors (3072K)
 Metaspace       used 5272K, committed 5504K, reserved 1056768K
  class space    used 664K, committed 768K, reserved 1048576K
}

