# JRE version: Java(TM) SE Runtime Environment (17.0.2+8) (build 17.0.2+8-LTS-86)
# Java VM: Java HotSpot(TM) 64-Bit Server VM (17.0.2+8-LTS-86, mixed mode, sharing, tiered, compressed oops, compressed class ptrs, g1 gc, windows-amd64)
GC Precious Log:
 CPUs: 8 total, 8 available
 Memory: 7967M
 Large Page Support: Disabled
 NUMA Support: Disabled
 Compressed Oops: Enabled (32-bit)
 Heap Region Size: 1M
 Heap Min Capacity: 8M
 Heap Initial Capacity: 126M
 Heap Max Capacity: 1992M
 Pre-touch: Disabled
 Parallel Workers: 8
 Concurrent Workers: 2
 Concurrent Refinement Workers: 8
 Periodic GC: Disabled
Heap:
 garbage-first heap   total 391168K, used 29281K [0x0000000083800000, 0x0000000100000000)
  region size 1024K, 26 young (26624K), 1 survivors (1024K)
 Metaspace       used 5278K, committed 5504K, reserved 1056768K
  class space    used 661K, committed 768K, reserved 1048576K
GC Heap History (20 events):
Event: 4.091 GC heap before
{Heap before GC invocations=19 (full 0):
 garbage-first heap   total 391168K, used 238172K [0x0000000083800000, 0x0000000100000000)
  region size 1024K, 229 young (234496K), 1 survivors (1024K)
 Metaspace       used 5257K, committed 5504K, reserved 1056768K
  class space    used 661K, committed 768K, reserved 1048576K
}
Event: 4.092 GC heap after
{Heap after GC invocations=20 (full 0):
 garbage-first heap   total 391168K, used 4700K [0x0000000083800000, 0x0000000100000000)
  region size 1024K, 1 young (1024K), 1 survivors (1024K)
 Metaspace       used 5257K, committed 5504K, reserved 1056768K
  class space    used 661K, committed 768K, reserved 1048576K
}
Event: 4.175 GC heap before
{Heap before GC invocations=20 (full 0):
 garbage-first heap   total 391168K, used 238172K [0x0000000083800000, 0x0000000100000000)
  region size 1024K, 229 young (234496K), 1 survivors (1024K)
 Metaspace       used 5257K, committed 5504K, reserved 1056768K
  class space    used 661K, committed 768K, reserved 1048576K
}
Event: 4.176 GC heap after
{Heap after GC invocations=21 (full 0):
 garbage-first heap   total 391168K, used 4692K [0x0000000083800000, 0x0000000100000000)
  region size 1024K, 1 young (1024K), 1 survivors (1024K)
 Metaspace       used 5257K, committed 5504K, reserved 1056768K
  class space    used 661K, committed 768K, reserved 1048576K
}
Event: 4.251 GC heap before
{Heap before GC invocations=21 (full 0):
 garbage-first heap   total 391168K, used 238164K [0x0000000083800000, 0x0000000100000000)
  region size 1024K, 229 young (234496K), 1 survivors (1024K)
 Metaspace       used 5257K, committed 5504K, reserved 1056768K
  class space    used 661K, committed 768K, reserved 1048576K
}
Event: 4.251 GC heap after
{Heap after GC invocations=22 (full 0):
 garbage-first heap   total 391168K, used 4700K [0x0000000083800000, 0x0000000100000000)
  region size 1024K, 1 young (1024K), 1 survivors (1024K)
 Metaspace       used 5257K, committed 5504K, reserved 1056768K
  class space    used 661K, committed 768K, reserved 1048576K
}
Event: 4.323 GC heap before
{Heap before GC invocations=22 (full 0):
 garbage-first heap   total 391168K, used 238172K [0x0000000083800000, 0x0000000100000000)
  region size 1024K, 229 young (234496K), 1 survivors (1024K)
 Metaspace       used 5257K, committed 5504K, reserved 1056768K
  class space    used 661K, committed 768K, reserved 1048576K
}
Event: 4.323 GC heap after
{Heap after GC invocations=23 (full 0):
 garbage-first heap   total 391168K, used 4700K [0x0000000083800000, 0x0000000100000000)
  region size 1024K, 1 young (1024K), 1 survivors (1024K)
 Metaspace       used 5257K, committed 5504K, reserved 1056768K
  class space    used 661K, committed 768K, reserved 1048576K
}
Event: 4.392 GC heap before
{Heap before GC invocations=23 (full 0):
 garbage-first heap   total 391168K, used 238172K [0x0000000083800000, 0x0000000100000000)
  region size 1024K, 229 young (234496K), 1 survivors (1024K)
 Metaspace       used 5257K, committed 5504K, reserved 1056768K
  class space    used 661K, committed 768K, reserved 1048576K
}
Event: 4.392 GC heap after
{Heap after GC invocations=24 (full 0):
 garbage-first heap   total 391168K, used 4707K [0x0000000083800000, 0x0000000100000000)
  region size 1024K, 1 young (1024K), 1 survivors (1024K)
 Metaspace       used 5257K, committed 5504K, reserved 1056768K
  class space    used 661K, committed 768K, reserved 1048576K
}
Event: 4.459 GC heap before
{Heap before GC invocations=24 (full 0):
 garbage-first heap   total 391168K, used 238179K [0x0000000083800000, 0x0000000100000000)
  region size 1024K, 229 young (234496K), 1 survivors (1024K)
 Metaspace       used 5257K, committed 5504K, reserved 1056768K
  class space    used 661K, committed 768K, reserved 1048576K
}
Event: 4.459 GC heap after
{Heap after GC invocations=25 (full 0):
 garbage-first heap   total 391168K, used 4707K [0x0000000083800000, 0x0000000100000000)
  region size 1024K, 1 young (1024K), 1 survivors (1024K)
 Metaspace       used 5257K, committed 5504K, reserved 1056768K
  class space    used 661K, committed 768K, reserved 1048576K
}
Event: 4.527 GC heap before
{Heap before GC invocations=25 (full 0):
 garbage-first heap   total 391168K, used 238179K [0x0000000083800000, 0x0000000100000000)
  region size 1024K, 229 young (234496K), 1 survivors (1024K)
 Metaspace       used 5257K, committed 5504K, reserved 1056768K
  class space    used 661K, committed 768K, reserved 1048576K
}
Event: 4.528 GC heap after
{Heap after GC invocations=26 (full 0):
 garbage-first heap   total 391168K, used 4705K [0x0000000083800000, 0x0000000100000000)
  region size 1024K, 1 young (1024K), 1 survivors (1024K)
 Metaspace       used 5257K, committed 5504K, reserved 1056768K
  class space    used 661K, committed 768K, reserved 1048576K
}
Event: 4.598 GC heap before
{Heap before GC invocations=26 (full 0):
 garbage-first heap   total 391168K, used 238177K [0x0000000083800000, 0x0000000100000000)
  region size 1024K, 229 young (234496K), 1 survivors (1024K)
 Metaspace       used 5259K, committed 5504K, reserved 1056768K
  class space    used 661K, committed 768K, reserved 1048576K
}
Event: 4.599 GC heap after
{Heap after GC invocations=27 (full 0):
 garbage-first heap   total 391168K, used 4705K [0x0000000083800000, 0x0000000100000000)
  region size 1024K, 1 young (1024K), 1 survivors (1024K)
 Metaspace       used 5259K, committed 5504K, reserved 1056768K
  class space    used 661K, committed 768K, reserved 1048576K
}
Event: 4.817 GC heap before
{Heap before GC invocations=27 (full 0):
 garbage-first heap   total 391168K, used 238177K [0x0000000083800000, 0x0000000100000000)
  region size 1024K, 229 young (234496K), 1 survivors (1024K)
 Metaspace       used 5278K, committed 5504K, reserved 1056768K
  class space    used 661K, committed 768K, reserved 1048576K
}
Event: 4.818 GC heap after
{Heap after GC invocations=28 (full 0):
 garbage-first heap   total 391168K, used 4709K [0x0000000083800000, 0x0000000100000000)
  region size 1024K, 1 young (1024K), 1 survivors (1024K)
 Metaspace       used 5278K, committed 5504K, reserved 1056768K
  class space    used 661K, committed 768K, reserved 1048576K
}
Event: 5.013 GC heap before
{Heap before GC invocations=28 (full 0):
 garbage-first heap   total 391168K, used 238181K [0x0000000083800000, 0x0000000100000000)
  region size 1024K, 229 young (234496K), 1 survivors (1024K)
 Metaspace       used 5278K, committed 5504K, reserved 1056768K
  class space    used 661K, committed 768K, reserved 1048576K
}
Event: 5.013 GC heap after
{Heap after GC invocations=29 (full 0):
 garbage-first heap   total 391168K, used 4705K [0x0000000083800000, 0x0000000100000000)
  region size 1024K, 1 young (1024K), 1 survivors (1024K)
 Metaspace       used 5278K, committed 5504K, reserved 1056768K
  class space    used 661K, committed 768K, reserved 1048576K
}

