# JRE version: Java(TM) SE Runtime Environment (17.0.2+8) (build 17.0.2+8-LTS-86)
# Java VM: Java HotSpot(TM) 64-Bit Server VM (17.0.2+8-LTS-86, mixed mode, sharing, tiered, compressed oops, compressed class ptrs, g1 gc, windows-amd64)
GC Precious Log:
 CPUs: 8 total, 8 available
 Memory: 7967M
 Large Page Support: Disabled
 NUMA Support: Disabled
 Compressed Oops: Enabled (32-bit)
 Heap Region Size: 1M
 Heap Min Capacity: 8M
 Heap Initial Capacity: 126M
 Heap Max Capacity: 1992M
 Pre-touch: Disabled
 Parallel Workers: 8
 Concurrent Workers: 2
 Concurrent Refinement Workers: 8
 Periodic GC: Disabled
Heap:
 garbage-first heap   total 481280K, used 10125K [0x0000000083800000, 0x0000000100000000)
  region size 1024K, 8 young (8192K), 1 survivors (1024K)
 Metaspace       used 5296K, committed 5440K, reserved 1056768K
  class space    used 663K, committed 704K, reserved 1048576K
GC Heap History (20 events):
Event: 13.315 GC heap before
{Heap before GC invocations=144 (full 0):
 garbage-first heap   total 481280K, used 291723K [0x0000000083800000, 0x0000000100000000)
  region size 1024K, 282 young (288768K), 1 survivors (1024K)
 Metaspace       used 5295K, committed 5440K, reserved 1056768K
  class space    used 663K, committed 704K, reserved 1048576K
}
Event: 13.316 GC heap after
{Heap after GC invocations=145 (full 0):
 garbage-first heap   total 481280K, used 3979K [0x0000000083800000, 0x0000000100000000)
  region size 1024K, 1 young (1024K), 1 survivors (1024K)
 Metaspace       used 5295K, committed 5440K, reserved 1056768K
  class space    used 663K, committed 704K, reserved 1048576K
}
Event: 13.443 GC heap before
{Heap before GC invocations=145 (full 0):
 garbage-first heap   total 481280K, used 291723K [0x0000000083800000, 0x0000000100000000)
  region size 1024K, 282 young (288768K), 1 survivors (1024K)
 Metaspace       used 5295K, committed 5440K, reserved 1056768K
  class space    used 663K, committed 704K, reserved 1048576K
}
Event: 13.444 GC heap after
{Heap after GC invocations=146 (full 0):
 garbage-first heap   total 481280K, used 3975K [0x0000000083800000, 0x0000000100000000)
  region size 1024K, 1 young (1024K), 1 survivors (1024K)
 Metaspace       used 5295K, committed 5440K, reserved 1056768K
  class space    used 663K, committed 704K, reserved 1048576K
}
Event: 13.602 GC heap before
{Heap before GC invocations=146 (full 0):
 garbage-first heap   total 481280K, used 291719K [0x0000000083800000, 0x0000000100000000)
  region size 1024K, 282 young (288768K), 1 survivors (1024K)
 Metaspace       used 5296K, committed 5440K, reserved 1056768K
  class space    used 663K, committed 704K, reserved 1048576K
}
Event: 13.603 GC heap after
{Heap after GC invocations=147 (full 0):
 garbage-first heap   total 481280K, used 3977K [0x0000000083800000, 0x0000000100000000)
  region size 1024K, 1 young (1024K), 1 survivors (1024K)
 Metaspace       used 5296K, committed 5440K, reserved 1056768K
  class space    used 663K, committed 704K, reserved 1048576K
}
Event: 13.806 GC heap before
{Heap before GC invocations=147 (full 0):
 garbage-first heap   total 481280K, used 291721K [0x0000000083800000, 0x0000000100000000)
  region size 1024K, 282 young (288768K), 1 survivors (1024K)
 Metaspace       used 5296K, committed 5440K, reserved 1056768K
  class space    used 663K, committed 704K, reserved 1048576K
}
Event: 13.807 GC heap after
{Heap after GC invocations=148 (full 0):
 garbage-first heap   total 481280K, used 3979K [0x0000000083800000, 0x0000000100000000)
  region size 1024K, 1 young (1024K), 1 survivors (1024K)
 Metaspace       used 5296K, committed 5440K, reserved 1056768K
  class space    used 663K, committed 704K, reserved 1048576K
}
Event: 13.945 GC heap before
{Heap before GC invocations=148 (full 0):
 garbage-first heap   total 481280K, used 291723K [0x0000000083800000, 0x0000000100000000)
  region size 1024K, 282 young (288768K), 1 survivors (1024K)
 Metaspace       used 5296K, committed 5440K, reserved 1056768K
  class space    used 663K, committed 704K, reserved 1048576K
}
Event: 13.946 GC heap after
{Heap after GC invocations=149 (full 0):
 garbage-first heap   total 481280K, used 3981K [0x0000000083800000, 0x0000000100000000)
  region size 1024K, 1 young (1024K), 1 survivors (1024K)
 Metaspace       used 5296K, committed 5440K, reserved 1056768K
  class space    used 663K, committed 704K, reserved 1048576K
}
Event: 14.115 GC heap before
{Heap before GC invocations=149 (full 0):
 garbage-first heap   total 481280K, used 291725K [0x0000000083800000, 0x0000000100000000)
  region size 1024K, 282 young (288768K), 1 survivors (1024K)
 Metaspace       used 5296K, committed 5440K, reserved 1056768K
  class space    used 663K, committed 704K, reserved 1048576K
}
Event: 14.116 GC heap after
{Heap after GC invocations=150 (full 0):
 garbage-first heap   total 481280K, used 3975K [0x0000000083800000, 0x0000000100000000)
  region size 1024K, 1 young (1024K), 1 survivors (1024K)
 Metaspace       used 5296K, committed 5440K, reserved 1056768K
  class space    used 663K, committed 704K, reserved 1048576K
}
Event: 14.377 GC heap before
{Heap before GC invocations=150 (full 0):
 garbage-first heap   total 481280K, used 291719K [0x0000000083800000, 0x0000000100000000)
  region size 1024K, 282 young (288768K), 1 survivors (1024K)
 Metaspace       used 5296K, committed 5440K, reserved 1056768K
  class space    used 663K, committed 704K, reserved 1048576K
}
Event: 14.377 GC heap after
{Heap after GC invocations=151 (full 0):
 garbage-first heap   total 481280K, used 3975K [0x0000000083800000, 0x0000000100000000)
  region size 1024K, 1 young (1024K), 1 survivors (1024K)
 Metaspace       used 5296K, committed 5440K, reserved 1056768K
  class space    used 663K, committed 704K, reserved 1048576K
}
Event: 14.553 GC heap before
{Heap before GC invocations=151 (full 0):
 garbage-first heap   total 481280K, used 291719K [0x0000000083800000, 0x0000000100000000)
  region size 1024K, 282 young (288768K), 1 survivors (1024K)
 Metaspace       used 5296K, committed 5440K, reserved 1056768K
  class space    used 663K, committed 704K, reserved 1048576K
}
Event: 14.553 GC heap after
{Heap after GC invocations=152 (full 0):
 garbage-first heap   total 481280K, used 3979K [0x0000000083800000, 0x0000000100000000)
  region size 1024K, 1 young (1024K), 1 survivors (1024K)
 Metaspace       used 5296K, committed 5440K, reserved 1056768K
  class space    used 663K, committed 704K, reserved 1048576K
}
Event: 14.708 GC heap before
{Heap before GC invocations=152 (full 0):
 garbage-first heap   total 481280K, used 291723K [0x0000000083800000, 0x0000000100000000)
  region size 1024K, 282 young (288768K), 1 survivors (1024K)
 Metaspace       used 5296K, committed 5440K, reserved 1056768K
  class space    used 663K, committed 704K, reserved 1048576K
}
Event: 14.709 GC heap after
{Heap after GC invocations=153 (full 0):
 garbage-first heap   total 481280K, used 3981K [0x0000000083800000, 0x0000000100000000)
  region size 1024K, 1 young (1024K), 1 survivors (1024K)
 Metaspace       used 5296K, committed 5440K, reserved 1056768K
  class space    used 663K, committed 704K, reserved 1048576K
}
Event: 14.837 GC heap before
{Heap before GC invocations=153 (full 0):
 garbage-first heap   total 481280K, used 291725K [0x0000000083800000, 0x0000000100000000)
  region size 1024K, 282 young (288768K), 1 survivors (1024K)
 Metaspace       used 5296K, committed 5440K, reserved 1056768K
  class space    used 663K, committed 704K, reserved 1048576K
}
Event: 14.838 GC heap after
{Heap after GC invocations=154 (full 0):
 garbage-first heap   total 481280K, used 3979K [0x0000000083800000, 0x0000000100000000)
  region size 1024K, 1 young (1024K), 1 survivors (1024K)
 Metaspace       used 5296K, committed 5440K, reserved 1056768K
  class space    used 663K, committed 704K, reserved 1048576K
}

