# JRE version: Java(TM) SE Runtime Environment (17.0.2+8) (build 17.0.2+8-LTS-86)
# Java VM: Java HotSpot(TM) 64-Bit Server VM (17.0.2+8-LTS-86, mixed mode, sharing, tiered, compressed oops, compressed class ptrs, g1 gc, windows-amd64)
GC Precious Log:
 CPUs: 8 total, 8 available
 Memory: 7967M
 Large Page Support: Disabled
 NUMA Support: Disabled
 Compressed Oops: Enabled (32-bit)
 Heap Region Size: 1M
 Heap Min Capacity: 8M
 Heap Initial Capacity: 126M
 Heap Max Capacity: 1992M
 Pre-touch: Disabled
 Parallel Workers: 8
 Concurrent Workers: 2
 Concurrent Refinement Workers: 8
 Periodic GC: Disabled
Heap:
 garbage-first heap   total 305152K, used 3801K [0x0000000083800000, 0x0000000100000000)
  region size 1024K, 1 young (1024K), 1 survivors (1024K)
 Metaspace       used 5309K, committed 5440K, reserved 1056768K
  class space    used 665K, committed 704K, reserved 1048576K
GC Heap History (20 events):
Event: 1.269 GC heap after
{Heap after GC invocations=6 (full 0):
 garbage-first heap   total 225280K, used 3709K [0x0000000083800000, 0x0000000100000000)
  region size 1024K, 3 young (3072K), 3 survivors (3072K)
 Metaspace       used 5309K, committed 5440K, reserved 1056768K
  class space    used 665K, committed 704K, reserved 1048576K
}
Event: 1.411 GC heap before
{Heap before GC invocations=6 (full 0):
 garbage-first heap   total 225280K, used 135805K [0x0000000083800000, 0x0000000100000000)
  region size 1024K, 132 young (135168K), 3 survivors (3072K)
 Metaspace       used 5309K, committed 5440K, reserved 1056768K
  class space    used 665K, committed 704K, reserved 1048576K
}
Event: 1.414 GC heap after
{Heap after GC invocations=7 (full 0):
 garbage-first heap   total 225280K, used 3658K [0x0000000083800000, 0x0000000100000000)
  region size 1024K, 3 young (3072K), 3 survivors (3072K)
 Metaspace       used 5309K, committed 5440K, reserved 1056768K
  class space    used 665K, committed 704K, reserved 1048576K
}
Event: 1.486 GC heap before
{Heap before GC invocations=7 (full 0):
 garbage-first heap   total 225280K, used 135754K [0x0000000083800000, 0x0000000100000000)
  region size 1024K, 132 young (135168K), 3 survivors (3072K)
 Metaspace       used 5309K, committed 5440K, reserved 1056768K
  class space    used 665K, committed 704K, reserved 1048576K
}
Event: 1.488 GC heap after
{Heap after GC invocations=8 (full 0):
 garbage-first heap   total 225280K, used 3754K [0x0000000083800000, 0x0000000100000000)
  region size 1024K, 3 young (3072K), 3 survivors (3072K)
 Metaspace       used 5309K, committed 5440K, reserved 1056768K
  class space    used 665K, committed 704K, reserved 1048576K
}
Event: 1.556 GC heap before
{Heap before GC invocations=8 (full 0):
 garbage-first heap   total 225280K, used 135850K [0x0000000083800000, 0x0000000100000000)
  region size 1024K, 132 young (135168K), 3 survivors (3072K)
 Metaspace       used 5309K, committed 5440K, reserved 1056768K
  class space    used 665K, committed 704K, reserved 1048576K
}
Event: 1.558 GC heap after
{Heap after GC invocations=9 (full 0):
 garbage-first heap   total 225280K, used 3753K [0x0000000083800000, 0x0000000100000000)
  region size 1024K, 3 young (3072K), 3 survivors (3072K)
 Metaspace       used 5309K, committed 5440K, reserved 1056768K
  class space    used 665K, committed 704K, reserved 1048576K
}
Event: 1.627 GC heap before
{Heap before GC invocations=9 (full 0):
 garbage-first heap   total 225280K, used 135849K [0x0000000083800000, 0x0000000100000000)
  region size 1024K, 132 young (135168K), 3 survivors (3072K)
 Metaspace       used 5309K, committed 5440K, reserved 1056768K
  class space    used 665K, committed 704K, reserved 1048576K
}
Event: 1.630 GC heap after
{Heap after GC invocations=10 (full 0):
 garbage-first heap   total 305152K, used 3655K [0x0000000083800000, 0x0000000100000000)
  region size 1024K, 3 young (3072K), 3 survivors (3072K)
 Metaspace       used 5309K, committed 5440K, reserved 1056768K
  class space    used 665K, committed 704K, reserved 1048576K
}
Event: 1.794 GC heap before
{Heap before GC invocations=10 (full 0):
 garbage-first heap   total 305152K, used 182855K [0x0000000083800000, 0x0000000100000000)
  region size 1024K, 178 young (182272K), 3 survivors (3072K)
 Metaspace       used 5309K, committed 5440K, reserved 1056768K
  class space    used 665K, committed 704K, reserved 1048576K
}
Event: 1.796 GC heap after
{Heap after GC invocations=11 (full 0):
 garbage-first heap   total 305152K, used 3754K [0x0000000083800000, 0x0000000100000000)
  region size 1024K, 3 young (3072K), 3 survivors (3072K)
 Metaspace       used 5309K, committed 5440K, reserved 1056768K
  class space    used 665K, committed 704K, reserved 1048576K
}
Event: 1.904 GC heap before
{Heap before GC invocations=11 (full 0):
 garbage-first heap   total 305152K, used 182954K [0x0000000083800000, 0x0000000100000000)
  region size 1024K, 178 young (182272K), 3 survivors (3072K)
 Metaspace       used 5309K, committed 5440K, reserved 1056768K
  class space    used 665K, committed 704K, reserved 1048576K
}
Event: 1.906 GC heap after
{Heap after GC invocations=12 (full 0):
 garbage-first heap   total 305152K, used 3640K [0x0000000083800000, 0x0000000100000000)
  region size 1024K, 3 young (3072K), 3 survivors (3072K)
 Metaspace       used 5309K, committed 5440K, reserved 1056768K
  class space    used 665K, committed 704K, reserved 1048576K
}
Event: 1.990 GC heap before
{Heap before GC invocations=12 (full 0):
 garbage-first heap   total 305152K, used 182840K [0x0000000083800000, 0x0000000100000000)
  region size 1024K, 178 young (182272K), 3 survivors (3072K)
 Metaspace       used 5309K, committed 5440K, reserved 1056768K
  class space    used 665K, committed 704K, reserved 1048576K
}
Event: 1.992 GC heap after
{Heap after GC invocations=13 (full 0):
 garbage-first heap   total 305152K, used 3823K [0x0000000083800000, 0x0000000100000000)
  region size 1024K, 3 young (3072K), 3 survivors (3072K)
 Metaspace       used 5309K, committed 5440K, reserved 1056768K
  class space    used 665K, committed 704K, reserved 1048576K
}
Event: 2.079 GC heap before
{Heap before GC invocations=13 (full 0):
 garbage-first heap   total 305152K, used 183023K [0x0000000083800000, 0x0000000100000000)
  region size 1024K, 178 young (182272K), 3 survivors (3072K)
 Metaspace       used 5309K, committed 5440K, reserved 1056768K
  class space    used 665K, committed 704K, reserved 1048576K
}
Event: 2.081 GC heap after
{Heap after GC invocations=14 (full 0):
 garbage-first heap   total 305152K, used 3703K [0x0000000083800000, 0x0000000100000000)
  region size 1024K, 3 young (3072K), 3 survivors (3072K)
 Metaspace       used 5309K, committed 5440K, reserved 1056768K
  class space    used 665K, committed 704K, reserved 1048576K
}
Event: 2.159 GC heap before
{Heap before GC invocations=14 (full 0):
 garbage-first heap   total 305152K, used 182903K [0x0000000083800000, 0x0000000100000000)
  region size 1024K, 178 young (182272K), 3 survivors (3072K)
 Metaspace       used 5309K, committed 5440K, reserved 1056768K
  class space    used 665K, committed 704K, reserved 1048576K
}
Event: 2.162 GC heap after
{Heap after GC invocations=15 (full 0):
 garbage-first heap   total 305152K, used 3685K [0x0000000083800000, 0x0000000100000000)
  region size 1024K, 3 young (3072K), 3 survivors (3072K)
 Metaspace       used 5309K, committed 5440K, reserved 1056768K
  class space    used 665K, committed 704K, reserved 1048576K
}
Event: 2.254 GC heap before
{Heap before GC invocations=15 (full 0):
 garbage-first heap   total 305152K, used 182885K [0x0000000083800000, 0x0000000100000000)
  region size 1024K, 178 young (182272K), 3 survivors (3072K)
 Metaspace       used 5309K, committed 5440K, reserved 1056768K
  class space    used 665K, committed 704K, reserved 1048576K
}

