# JRE version: Java(TM) SE Runtime Environment (17.0.2+8) (build 17.0.2+8-LTS-86)
# Java VM: Java HotSpot(TM) 64-Bit Server VM (17.0.2+8-LTS-86, mixed mode, sharing, tiered, compressed oops, compressed class ptrs, g1 gc, windows-amd64)
GC Precious Log:
 CPUs: 8 total, 8 available
 Memory: 7967M
 Large Page Support: Disabled
 NUMA Support: Disabled
 Compressed Oops: Enabled (32-bit)
 Heap Region Size: 1M
 Heap Min Capacity: 8M
 Heap Initial Capacity: 126M
 Heap Max Capacity: 1992M
 Pre-touch: Disabled
 Parallel Workers: 8
 Concurrent Workers: 2
 Concurrent Refinement Workers: 8
 Periodic GC: Disabled
Heap:
 garbage-first heap   total 197632K, used 3687K [0x0000000083800000, 0x0000000100000000)
  region size 1024K, 3 young (3072K), 3 survivors (3072K)
 Metaspace       used 6174K, committed 6464K, reserved 1056768K
  class space    used 758K, committed 896K, reserved 1048576K
GC Heap History (19 events):
Event: 0.602 GC heap before
{Heap before GC invocations=0 (full 0):
 garbage-first heap   total 129024K, used 24576K [0x0000000083800000, 0x0000000100000000)
  region size 1024K, 23 young (23552K), 0 survivors (0K)
 Metaspace       used 5053K, committed 5248K, reserved 1056768K
  class space    used 645K, committed 704K, reserved 1048576K
}
Event: 0.605 GC heap after
{Heap after GC invocations=1 (full 0):
 garbage-first heap   total 129024K, used 3242K [0x0000000083800000, 0x0000000100000000)
  region size 1024K, 3 young (3072K), 3 survivors (3072K)
 Metaspace       used 5053K, committed 5248K, reserved 1056768K
  class space    used 645K, committed 704K, reserved 1048576K
}
Event: 0.636 GC heap before
{Heap before GC invocations=1 (full 0):
 garbage-first heap   total 129024K, used 38058K [0x0000000083800000, 0x0000000100000000)
  region size 1024K, 37 young (37888K), 3 survivors (3072K)
 Metaspace       used 5055K, committed 5248K, reserved 1056768K
  class space    used 645K, committed 704K, reserved 1048576K
}
Event: 0.638 GC heap after
{Heap after GC invocations=2 (full 0):
 garbage-first heap   total 129024K, used 3200K [0x0000000083800000, 0x0000000100000000)
  region size 1024K, 3 young (3072K), 3 survivors (3072K)
 Metaspace       used 5055K, committed 5248K, reserved 1056768K
  class space    used 645K, committed 704K, reserved 1048576K
}
Event: 0.717 GC heap before
{Heap before GC invocations=2 (full 0):
 garbage-first heap   total 129024K, used 76928K [0x0000000083800000, 0x0000000100000000)
  region size 1024K, 75 young (76800K), 3 survivors (3072K)
 Metaspace       used 5077K, committed 5248K, reserved 1056768K
  class space    used 646K, committed 704K, reserved 1048576K
}
Event: 0.720 GC heap after
{Heap after GC invocations=3 (full 0):
 garbage-first heap   total 129024K, used 3333K [0x0000000083800000, 0x0000000100000000)
  region size 1024K, 3 young (3072K), 3 survivors (3072K)
 Metaspace       used 5077K, committed 5248K, reserved 1056768K
  class space    used 646K, committed 704K, reserved 1048576K
}
Event: 0.793 GC heap before
{Heap before GC invocations=3 (full 0):
 garbage-first heap   total 129024K, used 77061K [0x0000000083800000, 0x0000000100000000)
  region size 1024K, 75 young (76800K), 3 survivors (3072K)
 Metaspace       used 5077K, committed 5248K, reserved 1056768K
  class space    used 646K, committed 704K, reserved 1048576K
}
Event: 0.796 GC heap after
{Heap after GC invocations=4 (full 0):
 garbage-first heap   total 129024K, used 3201K [0x0000000083800000, 0x0000000100000000)
  region size 1024K, 3 young (3072K), 3 survivors (3072K)
 Metaspace       used 5077K, committed 5248K, reserved 1056768K
  class space    used 646K, committed 704K, reserved 1048576K
}
Event: 0.850 GC heap before
{Heap before GC invocations=4 (full 0):
 garbage-first heap   total 129024K, used 76929K [0x0000000083800000, 0x0000000100000000)
  region size 1024K, 75 young (76800K), 3 survivors (3072K)
 Metaspace       used 5077K, committed 5248K, reserved 1056768K
  class space    used 646K, committed 704K, reserved 1048576K
}
Event: 0.853 GC heap after
{Heap after GC invocations=5 (full 0):
 garbage-first heap   total 129024K, used 3330K [0x0000000083800000, 0x0000000100000000)
  region size 1024K, 3 young (3072K), 3 survivors (3072K)
 Metaspace       used 5077K, committed 5248K, reserved 1056768K
  class space    used 646K, committed 704K, reserved 1048576K
}
Event: 0.893 GC heap before
{Heap before GC invocations=5 (full 0):
 garbage-first heap   total 129024K, used 77058K [0x0000000083800000, 0x0000000100000000)
  region size 1024K, 75 young (76800K), 3 survivors (3072K)
 Metaspace       used 5078K, committed 5248K, reserved 1056768K
  class space    used 646K, committed 704K, reserved 1048576K
}
Event: 0.924 GC heap after
{Heap after GC invocations=6 (full 0):
 garbage-first heap   total 197632K, used 3072K [0x0000000083800000, 0x0000000100000000)
  region size 1024K, 2 young (2048K), 2 survivors (2048K)
 Metaspace       used 5078K, committed 5248K, reserved 1056768K
  class space    used 646K, committed 704K, reserved 1048576K
}
Event: 1.103 GC heap before
{Heap before GC invocations=6 (full 0):
 garbage-first heap   total 197632K, used 119808K [0x0000000083800000, 0x0000000100000000)
  region size 1024K, 115 young (117760K), 2 survivors (2048K)
 Metaspace       used 5960K, committed 6208K, reserved 1056768K
  class space    used 744K, committed 832K, reserved 1048576K
}
Event: 1.106 GC heap after
{Heap after GC invocations=7 (full 0):
 garbage-first heap   total 197632K, used 3366K [0x0000000083800000, 0x0000000100000000)
  region size 1024K, 3 young (3072K), 3 survivors (3072K)
 Metaspace       used 5960K, committed 6208K, reserved 1056768K
  class space    used 744K, committed 832K, reserved 1048576K
}
Event: 1.177 GC heap before
{Heap before GC invocations=7 (full 0):
 garbage-first heap   total 197632K, used 118054K [0x0000000083800000, 0x0000000100000000)
  region size 1024K, 115 young (117760K), 3 survivors (3072K)
 Metaspace       used 6160K, committed 6400K, reserved 1056768K
  class space    used 758K, committed 896K, reserved 1048576K
}
Event: 1.180 GC heap after
{Heap after GC invocations=8 (full 0):
 garbage-first heap   total 197632K, used 3771K [0x0000000083800000, 0x0000000100000000)
  region size 1024K, 3 young (3072K), 3 survivors (3072K)
 Metaspace       used 6160K, committed 6400K, reserved 1056768K
  class space    used 758K, committed 896K, reserved 1048576K
}
Event: 1.304 GC heap before
{Heap before GC invocations=8 (full 0):
 garbage-first heap   total 197632K, used 119483K [0x0000000083800000, 0x0000000100000000)
  region size 1024K, 115 young (117760K), 3 survivors (3072K)
 Metaspace       used 6174K, committed 6464K, reserved 1056768K
  class space    used 758K, committed 896K, reserved 1048576K
}
Event: 1.308 GC heap after
{Heap after GC invocations=9 (full 0):
 garbage-first heap   total 197632K, used 3904K [0x0000000083800000, 0x0000000100000000)
  region size 1024K, 3 young (3072K), 3 survivors (3072K)
 Metaspace       used 6174K, committed 6464K, reserved 1056768K
  class space    used 758K, committed 896K, reserved 1048576K
}
Event: 1.352 GC heap before
{Heap before GC invocations=9 (full 0):
 garbage-first heap   total 197632K, used 118592K [0x0000000083800000, 0x0000000100000000)
  region size 1024K, 115 young (117760K), 3 survivors (3072K)
 Metaspace       used 6174K, committed 6464K, reserved 1056768K
  class space    used 758K, committed 896K, reserved 1048576K
}

