# JRE version: Java(TM) SE Runtime Environment (17.0.2+8) (build 17.0.2+8-LTS-86)
# Java VM: Java HotSpot(TM) 64-Bit Server VM (17.0.2+8-LTS-86, mixed mode, sharing, tiered, compressed oops, compressed class ptrs, g1 gc, windows-amd64)
GC Precious Log:
 CPUs: 8 total, 8 available
 Memory: 7967M
 Large Page Support: Disabled
 NUMA Support: Disabled
 Compressed Oops: Enabled (32-bit)
 Heap Region Size: 1M
 Heap Min Capacity: 8M
 Heap Initial Capacity: 126M
 Heap Max Capacity: 1992M
 Pre-touch: Disabled
 Parallel Workers: 8
 Concurrent Workers: 2
 Concurrent Refinement Workers: 8
 Periodic GC: Disabled
Heap:
 garbage-first heap   total 129024K, used 6144K [0x0000000083800000, 0x0000000100000000)
  region size 1024K, 2 young (2048K), 2 survivors (2048K)
 Metaspace       used 5006K, committed 5120K, reserved 1056768K
  class space    used 646K, committed 704K, reserved 1048576K
GC Heap History (11 events):
Event: 0.636 GC heap before
{Heap before GC invocations=0 (full 0):
 garbage-first heap   total 129024K, used 27648K [0x0000000083800000, 0x0000000100000000)
  region size 1024K, 23 young (23552K), 0 survivors (0K)
 Metaspace       used 5002K, committed 5120K, reserved 1056768K
  class space    used 646K, committed 704K, reserved 1048576K
}
Event: 0.641 GC heap after
{Heap after GC invocations=1 (full 0):
 garbage-first heap   total 129024K, used 6143K [0x0000000083800000, 0x0000000100000000)
  region size 1024K, 2 young (2048K), 2 survivors (2048K)
 Metaspace       used 5002K, committed 5120K, reserved 1056768K
  class space    used 646K, committed 704K, reserved 1048576K
}
Event: 0.667 GC heap before
{Heap before GC invocations=1 (full 0):
 garbage-first heap   total 129024K, used 39935K [0x0000000083800000, 0x0000000100000000)
  region size 1024K, 35 young (35840K), 2 survivors (2048K)
 Metaspace       used 5005K, committed 5120K, reserved 1056768K
  class space    used 646K, committed 704K, reserved 1048576K
}
Event: 0.670 GC heap after
{Heap after GC invocations=2 (full 0):
 garbage-first heap   total 129024K, used 6275K [0x0000000083800000, 0x0000000100000000)
  region size 1024K, 3 young (3072K), 3 survivors (3072K)
 Metaspace       used 5005K, committed 5120K, reserved 1056768K
  class space    used 646K, committed 704K, reserved 1048576K
}
Event: 0.732 GC heap before
{Heap before GC invocations=2 (full 0):
 garbage-first heap   total 129024K, used 80003K [0x0000000083800000, 0x0000000100000000)
  region size 1024K, 75 young (76800K), 3 survivors (3072K)
 Metaspace       used 5005K, committed 5120K, reserved 1056768K
  class space    used 646K, committed 704K, reserved 1048576K
}
Event: 0.735 GC heap after
{Heap after GC invocations=3 (full 0):
 garbage-first heap   total 129024K, used 6274K [0x0000000083800000, 0x0000000100000000)
  region size 1024K, 3 young (3072K), 3 survivors (3072K)
 Metaspace       used 5005K, committed 5120K, reserved 1056768K
  class space    used 646K, committed 704K, reserved 1048576K
}
Event: 0.782 GC heap before
{Heap before GC invocations=3 (full 0):
 garbage-first heap   total 129024K, used 80002K [0x0000000083800000, 0x0000000100000000)
  region size 1024K, 75 young (76800K), 3 survivors (3072K)
 Metaspace       used 5006K, committed 5120K, reserved 1056768K
  class space    used 646K, committed 704K, reserved 1048576K
}
Event: 0.785 GC heap after
{Heap after GC invocations=4 (full 0):
 garbage-first heap   total 129024K, used 6274K [0x0000000083800000, 0x0000000100000000)
  region size 1024K, 3 young (3072K), 3 survivors (3072K)
 Metaspace       used 5006K, committed 5120K, reserved 1056768K
  class space    used 646K, committed 704K, reserved 1048576K
}
Event: 0.812 GC heap before
{Heap before GC invocations=4 (full 0):
 garbage-first heap   total 129024K, used 80002K [0x0000000083800000, 0x0000000100000000)
  region size 1024K, 75 young (76800K), 3 survivors (3072K)
 Metaspace       used 5006K, committed 5120K, reserved 1056768K
  class space    used 646K, committed 704K, reserved 1048576K
}
Event: 0.814 GC heap after
{Heap after GC invocations=5 (full 0):
 garbage-first heap   total 129024K, used 6274K [0x0000000083800000, 0x0000000100000000)
  region size 1024K, 3 young (3072K), 3 survivors (3072K)
 Metaspace       used 5006K, committed 5120K, reserved 1056768K
  class space    used 646K, committed 704K, reserved 1048576K
}
Event: 0.837 GC heap before
{Heap before GC invocations=5 (full 0):
 garbage-first heap   total 129024K, used 80002K [0x0000000083800000, 0x0000000100000000)
  region size 1024K, 75 young (76800K), 3 survivors (3072K)
 Metaspace       used 5006K, committed 5120K, reserved 1056768K
  class space    used 646K, committed 704K, reserved 1048576K
}

