# JRE version: Java(TM) SE Runtime Environment (17.0.2+8) (build 17.0.2+8-LTS-86)
# Java VM: Java HotSpot(TM) 64-Bit Server VM (17.0.2+8-LTS-86, mixed mode, sharing, tiered, compressed oops, compressed class ptrs, g1 gc, windows-amd64)
GC Precious Log:
 CPUs: 8 total, 8 available
 Memory: 7967M
 Large Page Support: Disabled
 NUMA Support: Disabled
 Compressed Oops: Enabled (32-bit)
 Heap Region Size: 1M
 Heap Min Capacity: 8M
 Heap Initial Capacity: 126M
 Heap Max Capacity: 1992M
 Pre-touch: Disabled
 Parallel Workers: 8
 Concurrent Workers: 2
 Concurrent Refinement Workers: 8
 Periodic GC: Disabled
Heap:
 garbage-first heap   total 254976K, used 3506K [0x0000000083800000, 0x0000000100000000)
  region size 1024K, 3 young (3072K), 3 survivors (3072K)
 Metaspace       used 5074K, committed 5248K, reserved 1056768K
  class space    used 648K, committed 704K, reserved 1048576K
GC Heap History (20 events):
Event: 0.583 GC heap after
{Heap after GC invocations=1 (full 0):
 garbage-first heap   total 129024K, used 3327K [0x0000000083800000, 0x0000000100000000)
  region size 1024K, 3 young (3072K), 3 survivors (3072K)
 Metaspace       used 5031K, committed 5184K, reserved 1056768K
  class space    used 648K, committed 704K, reserved 1048576K
}
Event: 0.613 GC heap before
{Heap before GC invocations=1 (full 0):
 garbage-first heap   total 129024K, used 37119K [0x0000000083800000, 0x0000000100000000)
  region size 1024K, 36 young (36864K), 3 survivors (3072K)
 Metaspace       used 5039K, committed 5184K, reserved 1056768K
  class space    used 648K, committed 704K, reserved 1048576K
}
Event: 0.616 GC heap after
{Heap after GC invocations=2 (full 0):
 garbage-first heap   total 129024K, used 3506K [0x0000000083800000, 0x0000000100000000)
  region size 1024K, 3 young (3072K), 3 survivors (3072K)
 Metaspace       used 5039K, committed 5184K, reserved 1056768K
  class space    used 648K, committed 704K, reserved 1048576K
}
Event: 0.659 GC heap before
{Heap before GC invocations=2 (full 0):
 garbage-first heap   total 129024K, used 77234K [0x0000000083800000, 0x0000000100000000)
  region size 1024K, 75 young (76800K), 3 survivors (3072K)
 Metaspace       used 5051K, committed 5184K, reserved 1056768K
  class space    used 648K, committed 704K, reserved 1048576K
}
Event: 0.661 GC heap after
{Heap after GC invocations=3 (full 0):
 garbage-first heap   total 129024K, used 3510K [0x0000000083800000, 0x0000000100000000)
  region size 1024K, 3 young (3072K), 3 survivors (3072K)
 Metaspace       used 5051K, committed 5184K, reserved 1056768K
  class space    used 648K, committed 704K, reserved 1048576K
}
Event: 0.688 GC heap before
{Heap before GC invocations=3 (full 0):
 garbage-first heap   total 129024K, used 77238K [0x0000000083800000, 0x0000000100000000)
  region size 1024K, 75 young (76800K), 3 survivors (3072K)
 Metaspace       used 5052K, committed 5184K, reserved 1056768K
  class space    used 648K, committed 704K, reserved 1048576K
}
Event: 0.690 GC heap after
{Heap after GC invocations=4 (full 0):
 garbage-first heap   total 129024K, used 3659K [0x0000000083800000, 0x0000000100000000)
  region size 1024K, 3 young (3072K), 3 survivors (3072K)
 Metaspace       used 5052K, committed 5184K, reserved 1056768K
  class space    used 648K, committed 704K, reserved 1048576K
}
Event: 0.711 GC heap before
{Heap before GC invocations=4 (full 0):
 garbage-first heap   total 129024K, used 77387K [0x0000000083800000, 0x0000000100000000)
  region size 1024K, 75 young (76800K), 3 survivors (3072K)
 Metaspace       used 5052K, committed 5184K, reserved 1056768K
  class space    used 648K, committed 704K, reserved 1048576K
}
Event: 0.713 GC heap after
{Heap after GC invocations=5 (full 0):
 garbage-first heap   total 129024K, used 3508K [0x0000000083800000, 0x0000000100000000)
  region size 1024K, 3 young (3072K), 3 survivors (3072K)
 Metaspace       used 5052K, committed 5184K, reserved 1056768K
  class space    used 648K, committed 704K, reserved 1048576K
}
Event: 0.737 GC heap before
{Heap before GC invocations=5 (full 0):
 garbage-first heap   total 129024K, used 77236K [0x0000000083800000, 0x0000000100000000)
  region size 1024K, 75 young (76800K), 3 survivors (3072K)
 Metaspace       used 5056K, committed 5184K, reserved 1056768K
  class space    used 648K, committed 704K, reserved 1048576K
}
Event: 0.740 GC heap after
{Heap after GC invocations=6 (full 0):
 garbage-first heap   total 254976K, used 3506K [0x0000000083800000, 0x0000000100000000)
  region size 1024K, 3 young (3072K), 3 survivors (3072K)
 Metaspace       used 5056K, committed 5184K, reserved 1056768K
  class space    used 648K, committed 704K, reserved 1048576K
}
Event: 0.838 GC heap before
{Heap before GC invocations=6 (full 0):
 garbage-first heap   total 254976K, used 153010K [0x0000000083800000, 0x0000000100000000)
  region size 1024K, 149 young (152576K), 3 survivors (3072K)
 Metaspace       used 5064K, committed 5184K, reserved 1056768K
  class space    used 648K, committed 704K, reserved 1048576K
}
Event: 0.840 GC heap after
{Heap after GC invocations=7 (full 0):
 garbage-first heap   total 254976K, used 3504K [0x0000000083800000, 0x0000000100000000)
  region size 1024K, 3 young (3072K), 3 survivors (3072K)
 Metaspace       used 5064K, committed 5184K, reserved 1056768K
  class space    used 648K, committed 704K, reserved 1048576K
}
Event: 0.875 GC heap before
{Heap before GC invocations=7 (full 0):
 garbage-first heap   total 254976K, used 153008K [0x0000000083800000, 0x0000000100000000)
  region size 1024K, 149 young (152576K), 3 survivors (3072K)
 Metaspace       used 5073K, committed 5248K, reserved 1056768K
  class space    used 648K, committed 704K, reserved 1048576K
}
Event: 0.877 GC heap after
{Heap after GC invocations=8 (full 0):
 garbage-first heap   total 254976K, used 3500K [0x0000000083800000, 0x0000000100000000)
  region size 1024K, 3 young (3072K), 3 survivors (3072K)
 Metaspace       used 5073K, committed 5248K, reserved 1056768K
  class space    used 648K, committed 704K, reserved 1048576K
}
Event: 0.922 GC heap before
{Heap before GC invocations=8 (full 0):
 garbage-first heap   total 254976K, used 153004K [0x0000000083800000, 0x0000000100000000)
  region size 1024K, 149 young (152576K), 3 survivors (3072K)
 Metaspace       used 5074K, committed 5248K, reserved 1056768K
  class space    used 648K, committed 704K, reserved 1048576K
}
Event: 0.925 GC heap after
{Heap after GC invocations=9 (full 0):
 garbage-first heap   total 254976K, used 3497K [0x0000000083800000, 0x0000000100000000)
  region size 1024K, 3 young (3072K), 3 survivors (3072K)
 Metaspace       used 5074K, committed 5248K, reserved 1056768K
  class space    used 648K, committed 704K, reserved 1048576K
}
Event: 0.964 GC heap before
{Heap before GC invocations=9 (full 0):
 garbage-first heap   total 254976K, used 153001K [0x0000000083800000, 0x0000000100000000)
  region size 1024K, 149 young (152576K), 3 survivors (3072K)
 Metaspace       used 5074K, committed 5248K, reserved 1056768K
  class space    used 648K, committed 704K, reserved 1048576K
}
Event: 0.967 GC heap after
{Heap after GC invocations=10 (full 0):
 garbage-first heap   total 254976K, used 3415K [0x0000000083800000, 0x0000000100000000)
  region size 1024K, 3 young (3072K), 3 survivors (3072K)
 Metaspace       used 5074K, committed 5248K, reserved 1056768K
  class space    used 648K, committed 704K, reserved 1048576K
}
Event: 0.999 GC heap before
{Heap before GC invocations=10 (full 0):
 garbage-first heap   total 254976K, used 152919K [0x0000000083800000, 0x0000000100000000)
  region size 1024K, 149 young (152576K), 3 survivors (3072K)
 Metaspace       used 5074K, committed 5248K, reserved 1056768K
  class space    used 648K, committed 704K, reserved 1048576K
}

