# JRE version: Java(TM) SE Runtime Environment (17.0.2+8) (build 17.0.2+8-LTS-86)
# Java VM: Java HotSpot(TM) 64-Bit Server VM (17.0.2+8-LTS-86, mixed mode, sharing, tiered, compressed oops, compressed class ptrs, g1 gc, windows-amd64)
GC Precious Log:
 CPUs: 8 total, 8 available
 Memory: 7967M
 Large Page Support: Disabled
 NUMA Support: Disabled
 Compressed Oops: Enabled (32-bit)
 Heap Region Size: 1M
 Heap Min Capacity: 8M
 Heap Initial Capacity: 126M
 Heap Max Capacity: 1992M
 Pre-touch: Disabled
 Parallel Workers: 8
 Concurrent Workers: 2
 Concurrent Refinement Workers: 8
 Periodic GC: Disabled
Heap:
 garbage-first heap   total 291840K, used 4820K [0x0000000083800000, 0x0000000100000000)
  region size 1024K, 3 young (3072K), 3 survivors (3072K)
 Metaspace       used 5280K, committed 5504K, reserved 1056768K
  class space    used 662K, committed 768K, reserved 1048576K
GC Heap History (20 events):
Event: 2.798 GC heap after
{Heap after GC invocations=5 (full 0):
 garbage-first heap   total 129024K, used 4592K [0x0000000083800000, 0x0000000100000000)
  region size 1024K, 3 young (3072K), 3 survivors (3072K)
 Metaspace       used 5280K, committed 5504K, reserved 1056768K
  class space    used 662K, committed 768K, reserved 1048576K
}
Event: 2.873 GC heap before
{Heap before GC invocations=5 (full 0):
 garbage-first heap   total 129024K, used 78320K [0x0000000083800000, 0x0000000100000000)
  region size 1024K, 75 young (76800K), 3 survivors (3072K)
 Metaspace       used 5280K, committed 5504K, reserved 1056768K
  class space    used 662K, committed 768K, reserved 1048576K
}
Event: 2.881 GC heap after
{Heap after GC invocations=6 (full 0):
 garbage-first heap   total 181248K, used 4590K [0x0000000083800000, 0x0000000100000000)
  region size 1024K, 3 young (3072K), 3 survivors (3072K)
 Metaspace       used 5280K, committed 5504K, reserved 1056768K
  class space    used 662K, committed 768K, reserved 1048576K
}
Event: 3.047 GC heap before
{Heap before GC invocations=6 (full 0):
 garbage-first heap   total 181248K, used 110062K [0x0000000083800000, 0x0000000100000000)
  region size 1024K, 106 young (108544K), 3 survivors (3072K)
 Metaspace       used 5280K, committed 5504K, reserved 1056768K
  class space    used 662K, committed 768K, reserved 1048576K
}
Event: 3.052 GC heap after
{Heap after GC invocations=7 (full 0):
 garbage-first heap   total 181248K, used 4839K [0x0000000083800000, 0x0000000100000000)
  region size 1024K, 3 young (3072K), 3 survivors (3072K)
 Metaspace       used 5280K, committed 5504K, reserved 1056768K
  class space    used 662K, committed 768K, reserved 1048576K
}
Event: 3.114 GC heap before
{Heap before GC invocations=7 (full 0):
 garbage-first heap   total 181248K, used 110311K [0x0000000083800000, 0x0000000100000000)
  region size 1024K, 106 young (108544K), 3 survivors (3072K)
 Metaspace       used 5280K, committed 5504K, reserved 1056768K
  class space    used 662K, committed 768K, reserved 1048576K
}
Event: 3.119 GC heap after
{Heap after GC invocations=8 (full 0):
 garbage-first heap   total 181248K, used 4826K [0x0000000083800000, 0x0000000100000000)
  region size 1024K, 3 young (3072K), 3 survivors (3072K)
 Metaspace       used 5280K, committed 5504K, reserved 1056768K
  class space    used 662K, committed 768K, reserved 1048576K
}
Event: 3.210 GC heap before
{Heap before GC invocations=8 (full 0):
 garbage-first heap   total 181248K, used 110298K [0x0000000083800000, 0x0000000100000000)
  region size 1024K, 106 young (108544K), 3 survivors (3072K)
 Metaspace       used 5280K, committed 5504K, reserved 1056768K
  class space    used 662K, committed 768K, reserved 1048576K
}
Event: 3.214 GC heap after
{Heap after GC invocations=9 (full 0):
 garbage-first heap   total 181248K, used 4825K [0x0000000083800000, 0x0000000100000000)
  region size 1024K, 3 young (3072K), 3 survivors (3072K)
 Metaspace       used 5280K, committed 5504K, reserved 1056768K
  class space    used 662K, committed 768K, reserved 1048576K
}
Event: 3.279 GC heap before
{Heap before GC invocations=9 (full 0):
 garbage-first heap   total 181248K, used 110297K [0x0000000083800000, 0x0000000100000000)
  region size 1024K, 106 young (108544K), 3 survivors (3072K)
 Metaspace       used 5280K, committed 5504K, reserved 1056768K
  class space    used 662K, committed 768K, reserved 1048576K
}
Event: 3.287 GC heap after
{Heap after GC invocations=10 (full 0):
 garbage-first heap   total 291840K, used 4699K [0x0000000083800000, 0x0000000100000000)
  region size 1024K, 3 young (3072K), 3 survivors (3072K)
 Metaspace       used 5280K, committed 5504K, reserved 1056768K
  class space    used 662K, committed 768K, reserved 1048576K
}
Event: 3.488 GC heap before
{Heap before GC invocations=10 (full 0):
 garbage-first heap   total 291840K, used 176731K [0x0000000083800000, 0x0000000100000000)
  region size 1024K, 171 young (175104K), 3 survivors (3072K)
 Metaspace       used 5280K, committed 5504K, reserved 1056768K
  class space    used 662K, committed 768K, reserved 1048576K
}
Event: 3.494 GC heap after
{Heap after GC invocations=11 (full 0):
 garbage-first heap   total 291840K, used 4820K [0x0000000083800000, 0x0000000100000000)
  region size 1024K, 3 young (3072K), 3 survivors (3072K)
 Metaspace       used 5280K, committed 5504K, reserved 1056768K
  class space    used 662K, committed 768K, reserved 1048576K
}
Event: 3.686 GC heap before
{Heap before GC invocations=11 (full 0):
 garbage-first heap   total 291840K, used 176852K [0x0000000083800000, 0x0000000100000000)
  region size 1024K, 171 young (175104K), 3 survivors (3072K)
 Metaspace       used 5280K, committed 5504K, reserved 1056768K
  class space    used 662K, committed 768K, reserved 1048576K
}
Event: 3.690 GC heap after
{Heap after GC invocations=12 (full 0):
 garbage-first heap   total 291840K, used 4817K [0x0000000083800000, 0x0000000100000000)
  region size 1024K, 3 young (3072K), 3 survivors (3072K)
 Metaspace       used 5280K, committed 5504K, reserved 1056768K
  class space    used 662K, committed 768K, reserved 1048576K
}
Event: 3.755 GC heap before
{Heap before GC invocations=12 (full 0):
 garbage-first heap   total 291840K, used 176849K [0x0000000083800000, 0x0000000100000000)
  region size 1024K, 171 young (175104K), 3 survivors (3072K)
 Metaspace       used 5280K, committed 5504K, reserved 1056768K
  class space    used 662K, committed 768K, reserved 1048576K
}
Event: 3.759 GC heap after
{Heap after GC invocations=13 (full 0):
 garbage-first heap   total 291840K, used 4818K [0x0000000083800000, 0x0000000100000000)
  region size 1024K, 3 young (3072K), 3 survivors (3072K)
 Metaspace       used 5280K, committed 5504K, reserved 1056768K
  class space    used 662K, committed 768K, reserved 1048576K
}
Event: 3.812 GC heap before
{Heap before GC invocations=13 (full 0):
 garbage-first heap   total 291840K, used 176850K [0x0000000083800000, 0x0000000100000000)
  region size 1024K, 171 young (175104K), 3 survivors (3072K)
 Metaspace       used 5280K, committed 5504K, reserved 1056768K
  class space    used 662K, committed 768K, reserved 1048576K
}
Event: 3.816 GC heap after
{Heap after GC invocations=14 (full 0):
 garbage-first heap   total 291840K, used 4818K [0x0000000083800000, 0x0000000100000000)
  region size 1024K, 3 young (3072K), 3 survivors (3072K)
 Metaspace       used 5280K, committed 5504K, reserved 1056768K
  class space    used 662K, committed 768K, reserved 1048576K
}
Event: 3.874 GC heap before
{Heap before GC invocations=14 (full 0):
 garbage-first heap   total 291840K, used 176850K [0x0000000083800000, 0x0000000100000000)
  region size 1024K, 171 young (175104K), 3 survivors (3072K)
 Metaspace       used 5280K, committed 5504K, reserved 1056768K
  class space    used 662K, committed 768K, reserved 1048576K
}

