# JRE version: Java(TM) SE Runtime Environment (17.0.2+8) (build 17.0.2+8-LTS-86)
# Java VM: Java HotSpot(TM) 64-Bit Server VM (17.0.2+8-LTS-86, mixed mode, sharing, tiered, compressed oops, compressed class ptrs, g1 gc, windows-amd64)
GC Precious Log:
 CPUs: 8 total, 8 available
 Memory: 7967M
 Large Page Support: Disabled
 NUMA Support: Disabled
 Compressed Oops: Enabled (32-bit)
 Heap Region Size: 1M
 Heap Min Capacity: 8M
 Heap Initial Capacity: 126M
 Heap Max Capacity: 1992M
 Pre-touch: Disabled
 Parallel Workers: 8
 Concurrent Workers: 2
 Concurrent Refinement Workers: 8
 Periodic GC: Disabled
Heap:
 garbage-first heap   total 518144K, used 312090K [0x0000000083800000, 0x0000000100000000)
  region size 1024K, 303 young (310272K), 1 survivors (1024K)
 Metaspace       used 5289K, committed 5440K, reserved 1056768K
  class space    used 662K, committed 704K, reserved 1048576K
GC Heap History (20 events):
Event: 10.011 GC heap before
{Heap before GC invocations=113 (full 0):
 garbage-first heap   total 518144K, used 313118K [0x0000000083800000, 0x0000000100000000)
  region size 1024K, 303 young (310272K), 1 survivors (1024K)
 Metaspace       used 5289K, committed 5440K, reserved 1056768K
  class space    used 662K, committed 704K, reserved 1048576K
}
Event: 10.013 GC heap after
{Heap after GC invocations=114 (full 0):
 garbage-first heap   total 518144K, used 3870K [0x0000000083800000, 0x0000000100000000)
  region size 1024K, 1 young (1024K), 1 survivors (1024K)
 Metaspace       used 5289K, committed 5440K, reserved 1056768K
  class space    used 662K, committed 704K, reserved 1048576K
}
Event: 10.156 GC heap before
{Heap before GC invocations=114 (full 0):
 garbage-first heap   total 518144K, used 313118K [0x0000000083800000, 0x0000000100000000)
  region size 1024K, 303 young (310272K), 1 survivors (1024K)
 Metaspace       used 5289K, committed 5440K, reserved 1056768K
  class space    used 662K, committed 704K, reserved 1048576K
}
Event: 10.156 GC heap after
{Heap after GC invocations=115 (full 0):
 garbage-first heap   total 518144K, used 3870K [0x0000000083800000, 0x0000000100000000)
  region size 1024K, 1 young (1024K), 1 survivors (1024K)
 Metaspace       used 5289K, committed 5440K, reserved 1056768K
  class space    used 662K, committed 704K, reserved 1048576K
}
Event: 10.277 GC heap before
{Heap before GC invocations=115 (full 0):
 garbage-first heap   total 518144K, used 313118K [0x0000000083800000, 0x0000000100000000)
  region size 1024K, 303 young (310272K), 1 survivors (1024K)
 Metaspace       used 5289K, committed 5440K, reserved 1056768K
  class space    used 662K, committed 704K, reserved 1048576K
}
Event: 10.279 GC heap after
{Heap after GC invocations=116 (full 0):
 garbage-first heap   total 518144K, used 3874K [0x0000000083800000, 0x0000000100000000)
  region size 1024K, 1 young (1024K), 1 survivors (1024K)
 Metaspace       used 5289K, committed 5440K, reserved 1056768K
  class space    used 662K, committed 704K, reserved 1048576K
}
Event: 10.433 GC heap before
{Heap before GC invocations=116 (full 0):
 garbage-first heap   total 518144K, used 313122K [0x0000000083800000, 0x0000000100000000)
  region size 1024K, 303 young (310272K), 1 survivors (1024K)
 Metaspace       used 5289K, committed 5440K, reserved 1056768K
  class space    used 662K, committed 704K, reserved 1048576K
}
Event: 10.435 GC heap after
{Heap after GC invocations=117 (full 0):
 garbage-first heap   total 518144K, used 3870K [0x0000000083800000, 0x0000000100000000)
  region size 1024K, 1 young (1024K), 1 survivors (1024K)
 Metaspace       used 5289K, committed 5440K, reserved 1056768K
  class space    used 662K, committed 704K, reserved 1048576K
}
Event: 10.558 GC heap before
{Heap before GC invocations=117 (full 0):
 garbage-first heap   total 518144K, used 313118K [0x0000000083800000, 0x0000000100000000)
  region size 1024K, 303 young (310272K), 1 survivors (1024K)
 Metaspace       used 5289K, committed 5440K, reserved 1056768K
  class space    used 662K, committed 704K, reserved 1048576K
}
Event: 10.559 GC heap after
{Heap after GC invocations=118 (full 0):
 garbage-first heap   total 518144K, used 3868K [0x0000000083800000, 0x0000000100000000)
  region size 1024K, 1 young (1024K), 1 survivors (1024K)
 Metaspace       used 5289K, committed 5440K, reserved 1056768K
  class space    used 662K, committed 704K, reserved 1048576K
}
Event: 10.666 GC heap before
{Heap before GC invocations=118 (full 0):
 garbage-first heap   total 518144K, used 313116K [0x0000000083800000, 0x0000000100000000)
  region size 1024K, 303 young (310272K), 1 survivors (1024K)
 Metaspace       used 5289K, committed 5440K, reserved 1056768K
  class space    used 662K, committed 704K, reserved 1048576K
}
Event: 10.667 GC heap after
{Heap after GC invocations=119 (full 0):
 garbage-first heap   total 518144K, used 3868K [0x0000000083800000, 0x0000000100000000)
  region size 1024K, 1 young (1024K), 1 survivors (1024K)
 Metaspace       used 5289K, committed 5440K, reserved 1056768K
  class space    used 662K, committed 704K, reserved 1048576K
}
Event: 10.775 GC heap before
{Heap before GC invocations=119 (full 0):
 garbage-first heap   total 518144K, used 313116K [0x0000000083800000, 0x0000000100000000)
  region size 1024K, 303 young (310272K), 1 survivors (1024K)
 Metaspace       used 5289K, committed 5440K, reserved 1056768K
  class space    used 662K, committed 704K, reserved 1048576K
}
Event: 10.776 GC heap after
{Heap after GC invocations=120 (full 0):
 garbage-first heap   total 518144K, used 3874K [0x0000000083800000, 0x0000000100000000)
  region size 1024K, 1 young (1024K), 1 survivors (1024K)
 Metaspace       used 5289K, committed 5440K, reserved 1056768K
  class space    used 662K, committed 704K, reserved 1048576K
}
Event: 10.873 GC heap before
{Heap before GC invocations=120 (full 0):
 garbage-first heap   total 518144K, used 313122K [0x0000000083800000, 0x0000000100000000)
  region size 1024K, 303 young (310272K), 1 survivors (1024K)
 Metaspace       used 5289K, committed 5440K, reserved 1056768K
  class space    used 662K, committed 704K, reserved 1048576K
}
Event: 10.874 GC heap after
{Heap after GC invocations=121 (full 0):
 garbage-first heap   total 518144K, used 3870K [0x0000000083800000, 0x0000000100000000)
  region size 1024K, 1 young (1024K), 1 survivors (1024K)
 Metaspace       used 5289K, committed 5440K, reserved 1056768K
  class space    used 662K, committed 704K, reserved 1048576K
}
Event: 10.984 GC heap before
{Heap before GC invocations=121 (full 0):
 garbage-first heap   total 518144K, used 313118K [0x0000000083800000, 0x0000000100000000)
  region size 1024K, 303 young (310272K), 1 survivors (1024K)
 Metaspace       used 5289K, committed 5440K, reserved 1056768K
  class space    used 662K, committed 704K, reserved 1048576K
}
Event: 10.985 GC heap after
{Heap after GC invocations=122 (full 0):
 garbage-first heap   total 518144K, used 3874K [0x0000000083800000, 0x0000000100000000)
  region size 1024K, 1 young (1024K), 1 survivors (1024K)
 Metaspace       used 5289K, committed 5440K, reserved 1056768K
  class space    used 662K, committed 704K, reserved 1048576K
}
Event: 11.149 GC heap before
{Heap before GC invocations=122 (full 0):
 garbage-first heap   total 518144K, used 313122K [0x0000000083800000, 0x0000000100000000)
  region size 1024K, 303 young (310272K), 1 survivors (1024K)
 Metaspace       used 5289K, committed 5440K, reserved 1056768K
  class space    used 662K, committed 704K, reserved 1048576K
}
Event: 11.150 GC heap after
{Heap after GC invocations=123 (full 0):
 garbage-first heap   total 518144K, used 3866K [0x0000000083800000, 0x0000000100000000)
  region size 1024K, 1 young (1024K), 1 survivors (1024K)
 Metaspace       used 5289K, committed 5440K, reserved 1056768K
  class space    used 662K, committed 704K, reserved 1048576K
}

