# JRE version: Java(TM) SE Runtime Environment (17.0.2+8) (build 17.0.2+8-LTS-86)
# Java VM: Java HotSpot(TM) 64-Bit Server VM (17.0.2+8-LTS-86, mixed mode, sharing, tiered, compressed oops, compressed class ptrs, g1 gc, windows-amd64)
GC Precious Log:
 CPUs: 8 total, 8 available
 Memory: 7967M
 Large Page Support: Disabled
 NUMA Support: Disabled
 Compressed Oops: Enabled (32-bit)
 Heap Region Size: 1M
 Heap Min Capacity: 8M
 Heap Initial Capacity: 126M
 Heap Max Capacity: 1992M
 Pre-touch: Disabled
 Parallel Workers: 8
 Concurrent Workers: 2
 Concurrent Refinement Workers: 8
 Periodic GC: Disabled
Heap:
 garbage-first heap   total 269312K, used 3699K [0x0000000083800000, 0x0000000100000000)
  region size 1024K, 3 young (3072K), 3 survivors (3072K)
 Metaspace       used 5264K, committed 5440K, reserved 1056768K
  class space    used 664K, committed 768K, reserved 1048576K
GC Heap History (20 events):
Event: 0.871 GC heap after
{Heap after GC invocations=4 (full 0):
 garbage-first heap   total 129024K, used 3072K [0x0000000083800000, 0x0000000100000000)
  region size 1024K, 2 young (2048K), 2 survivors (2048K)
 Metaspace       used 5060K, committed 5312K, reserved 1056768K
  class space    used 649K, committed 768K, reserved 1048576K
}
Event: 0.926 GC heap before
{Heap before GC invocations=4 (full 0):
 garbage-first heap   total 129024K, used 77824K [0x0000000083800000, 0x0000000100000000)
  region size 1024K, 75 young (76800K), 2 survivors (2048K)
 Metaspace       used 5063K, committed 5312K, reserved 1056768K
  class space    used 649K, committed 768K, reserved 1048576K
}
Event: 0.929 GC heap after
{Heap after GC invocations=5 (full 0):
 garbage-first heap   total 129024K, used 3202K [0x0000000083800000, 0x0000000100000000)
  region size 1024K, 3 young (3072K), 3 survivors (3072K)
 Metaspace       used 5063K, committed 5312K, reserved 1056768K
  class space    used 649K, committed 768K, reserved 1048576K
}
Event: 0.979 GC heap before
{Heap before GC invocations=5 (full 0):
 garbage-first heap   total 129024K, used 76930K [0x0000000083800000, 0x0000000100000000)
  region size 1024K, 75 young (76800K), 3 survivors (3072K)
 Metaspace       used 5063K, committed 5312K, reserved 1056768K
  class space    used 649K, committed 768K, reserved 1048576K
}
Event: 0.982 GC heap after
{Heap after GC invocations=6 (full 0):
 garbage-first heap   total 194560K, used 3072K [0x0000000083800000, 0x0000000100000000)
  region size 1024K, 2 young (2048K), 2 survivors (2048K)
 Metaspace       used 5063K, committed 5312K, reserved 1056768K
  class space    used 649K, committed 768K, reserved 1048576K
}
Event: 1.069 GC heap before
{Heap before GC invocations=6 (full 0):
 garbage-first heap   total 194560K, used 117760K [0x0000000083800000, 0x0000000100000000)
  region size 1024K, 114 young (116736K), 2 survivors (2048K)
 Metaspace       used 5063K, committed 5312K, reserved 1056768K
  class space    used 649K, committed 768K, reserved 1048576K
}
Event: 1.072 GC heap after
{Heap after GC invocations=7 (full 0):
 garbage-first heap   total 194560K, used 3268K [0x0000000083800000, 0x0000000100000000)
  region size 1024K, 3 young (3072K), 3 survivors (3072K)
 Metaspace       used 5063K, committed 5312K, reserved 1056768K
  class space    used 649K, committed 768K, reserved 1048576K
}
Event: 1.120 GC heap before
{Heap before GC invocations=7 (full 0):
 garbage-first heap   total 194560K, used 116932K [0x0000000083800000, 0x0000000100000000)
  region size 1024K, 114 young (116736K), 3 survivors (3072K)
 Metaspace       used 5063K, committed 5312K, reserved 1056768K
  class space    used 649K, committed 768K, reserved 1048576K
}
Event: 1.122 GC heap after
{Heap after GC invocations=8 (full 0):
 garbage-first heap   total 194560K, used 3072K [0x0000000083800000, 0x0000000100000000)
  region size 1024K, 2 young (2048K), 2 survivors (2048K)
 Metaspace       used 5063K, committed 5312K, reserved 1056768K
  class space    used 649K, committed 768K, reserved 1048576K
}
Event: 1.183 GC heap before
{Heap before GC invocations=8 (full 0):
 garbage-first heap   total 194560K, used 117760K [0x0000000083800000, 0x0000000100000000)
  region size 1024K, 114 young (116736K), 2 survivors (2048K)
 Metaspace       used 5264K, committed 5440K, reserved 1056768K
  class space    used 664K, committed 768K, reserved 1048576K
}
Event: 1.186 GC heap after
{Heap after GC invocations=9 (full 0):
 garbage-first heap   total 194560K, used 3653K [0x0000000083800000, 0x0000000100000000)
  region size 1024K, 3 young (3072K), 3 survivors (3072K)
 Metaspace       used 5264K, committed 5440K, reserved 1056768K
  class space    used 664K, committed 768K, reserved 1048576K
}
Event: 1.254 GC heap before
{Heap before GC invocations=9 (full 0):
 garbage-first heap   total 194560K, used 117317K [0x0000000083800000, 0x0000000100000000)
  region size 1024K, 114 young (116736K), 3 survivors (3072K)
 Metaspace       used 5264K, committed 5440K, reserved 1056768K
  class space    used 664K, committed 768K, reserved 1048576K
}
Event: 1.257 GC heap after
{Heap after GC invocations=10 (full 0):
 garbage-first heap   total 269312K, used 3866K [0x0000000083800000, 0x0000000100000000)
  region size 1024K, 3 young (3072K), 3 survivors (3072K)
 Metaspace       used 5264K, committed 5440K, reserved 1056768K
  class space    used 664K, committed 768K, reserved 1048576K
}
Event: 1.346 GC heap before
{Heap before GC invocations=10 (full 0):
 garbage-first heap   total 269312K, used 161562K [0x0000000083800000, 0x0000000100000000)
  region size 1024K, 157 young (160768K), 3 survivors (3072K)
 Metaspace       used 5264K, committed 5440K, reserved 1056768K
  class space    used 664K, committed 768K, reserved 1048576K
}
Event: 1.348 GC heap after
{Heap after GC invocations=11 (full 0):
 garbage-first heap   total 269312K, used 3699K [0x0000000083800000, 0x0000000100000000)
  region size 1024K, 3 young (3072K), 3 survivors (3072K)
 Metaspace       used 5264K, committed 5440K, reserved 1056768K
  class space    used 664K, committed 768K, reserved 1048576K
}
Event: 1.415 GC heap before
{Heap before GC invocations=11 (full 0):
 garbage-first heap   total 269312K, used 161395K [0x0000000083800000, 0x0000000100000000)
  region size 1024K, 157 young (160768K), 3 survivors (3072K)
 Metaspace       used 5264K, committed 5440K, reserved 1056768K
  class space    used 664K, committed 768K, reserved 1048576K
}
Event: 1.418 GC heap after
{Heap after GC invocations=12 (full 0):
 garbage-first heap   total 269312K, used 3636K [0x0000000083800000, 0x0000000100000000)
  region size 1024K, 3 young (3072K), 3 survivors (3072K)
 Metaspace       used 5264K, committed 5440K, reserved 1056768K
  class space    used 664K, committed 768K, reserved 1048576K
}
Event: 1.499 GC heap before
{Heap before GC invocations=12 (full 0):
 garbage-first heap   total 269312K, used 161332K [0x0000000083800000, 0x0000000100000000)
  region size 1024K, 157 young (160768K), 3 survivors (3072K)
 Metaspace       used 5264K, committed 5440K, reserved 1056768K
  class space    used 664K, committed 768K, reserved 1048576K
}
Event: 1.503 GC heap after
{Heap after GC invocations=13 (full 0):
 garbage-first heap   total 269312K, used 3715K [0x0000000083800000, 0x0000000100000000)
  region size 1024K, 3 young (3072K), 3 survivors (3072K)
 Metaspace       used 5264K, committed 5440K, reserved 1056768K
  class space    used 664K, committed 768K, reserved 1048576K
}
Event: 1.579 GC heap before
{Heap before GC invocations=13 (full 0):
 garbage-first heap   total 269312K, used 161411K [0x0000000083800000, 0x0000000100000000)
  region size 1024K, 157 young (160768K), 3 survivors (3072K)
 Metaspace       used 5264K, committed 5440K, reserved 1056768K
  class space    used 664K, committed 768K, reserved 1048576K
}

