# JRE version: Java(TM) SE Runtime Environment (17.0.2+8) (build 17.0.2+8-LTS-86)
# Java VM: Java HotSpot(TM) 64-Bit Server VM (17.0.2+8-LTS-86, mixed mode, sharing, tiered, compressed oops, compressed class ptrs, g1 gc, windows-amd64)
GC Precious Log:
 CPUs: 8 total, 8 available
 Memory: 7967M
 Large Page Support: Disabled
 NUMA Support: Disabled
 Compressed Oops: Enabled (32-bit)
 Heap Region Size: 1M
 Heap Min Capacity: 8M
 Heap Initial Capacity: 126M
 Heap Max Capacity: 1992M
 Pre-touch: Disabled
 Parallel Workers: 8
 Concurrent Workers: 2
 Concurrent Refinement Workers: 8
 Periodic GC: Disabled
Heap:
 garbage-first heap   total 258048K, used 6771K [0x0000000083800000, 0x0000000100000000)
  region size 1024K, 3 young (3072K), 3 survivors (3072K)
 Metaspace       used 5193K, committed 5376K, reserved 1056768K
  class space    used 658K, committed 768K, reserved 1048576K
GC Heap History (19 events):
Event: 0.650 GC heap before
{Heap before GC invocations=0 (full 0):
 garbage-first heap   total 129024K, used 27648K [0x0000000083800000, 0x0000000100000000)
  region size 1024K, 23 young (23552K), 0 survivors (0K)
 Metaspace       used 4987K, committed 5248K, reserved 1056768K
  class space    used 643K, committed 768K, reserved 1048576K
}
Event: 0.654 GC heap after
{Heap after GC invocations=1 (full 0):
 garbage-first heap   total 129024K, used 6229K [0x0000000083800000, 0x0000000100000000)
  region size 1024K, 3 young (3072K), 3 survivors (3072K)
 Metaspace       used 4987K, committed 5248K, reserved 1056768K
  class space    used 643K, committed 768K, reserved 1048576K
}
Event: 0.679 GC heap before
{Heap before GC invocations=1 (full 0):
 garbage-first heap   total 129024K, used 41045K [0x0000000083800000, 0x0000000100000000)
  region size 1024K, 37 young (37888K), 3 survivors (3072K)
 Metaspace       used 4989K, committed 5248K, reserved 1056768K
  class space    used 643K, committed 768K, reserved 1048576K
}
Event: 0.683 GC heap after
{Heap after GC invocations=2 (full 0):
 garbage-first heap   total 129024K, used 6144K [0x0000000083800000, 0x0000000100000000)
  region size 1024K, 2 young (2048K), 2 survivors (2048K)
 Metaspace       used 4989K, committed 5248K, reserved 1056768K
  class space    used 643K, committed 768K, reserved 1048576K
}
Event: 0.744 GC heap before
{Heap before GC invocations=2 (full 0):
 garbage-first heap   total 129024K, used 80896K [0x0000000083800000, 0x0000000100000000)
  region size 1024K, 75 young (76800K), 2 survivors (2048K)
 Metaspace       used 4989K, committed 5248K, reserved 1056768K
  class space    used 643K, committed 768K, reserved 1048576K
}
Event: 0.748 GC heap after
{Heap after GC invocations=3 (full 0):
 garbage-first heap   total 129024K, used 6274K [0x0000000083800000, 0x0000000100000000)
  region size 1024K, 3 young (3072K), 3 survivors (3072K)
 Metaspace       used 4989K, committed 5248K, reserved 1056768K
  class space    used 643K, committed 768K, reserved 1048576K
}
Event: 0.777 GC heap before
{Heap before GC invocations=3 (full 0):
 garbage-first heap   total 129024K, used 80002K [0x0000000083800000, 0x0000000100000000)
  region size 1024K, 75 young (76800K), 3 survivors (3072K)
 Metaspace       used 4990K, committed 5248K, reserved 1056768K
  class space    used 643K, committed 768K, reserved 1048576K
}
Event: 0.780 GC heap after
{Heap after GC invocations=4 (full 0):
 garbage-first heap   total 129024K, used 6274K [0x0000000083800000, 0x0000000100000000)
  region size 1024K, 3 young (3072K), 3 survivors (3072K)
 Metaspace       used 4990K, committed 5248K, reserved 1056768K
  class space    used 643K, committed 768K, reserved 1048576K
}
Event: 0.799 GC heap before
{Heap before GC invocations=4 (full 0):
 garbage-first heap   total 129024K, used 80002K [0x0000000083800000, 0x0000000100000000)
  region size 1024K, 75 young (76800K), 3 survivors (3072K)
 Metaspace       used 4990K, committed 5248K, reserved 1056768K
  class space    used 643K, committed 768K, reserved 1048576K
}
Event: 0.803 GC heap after
{Heap after GC invocations=5 (full 0):
 garbage-first heap   total 129024K, used 6272K [0x0000000083800000, 0x0000000100000000)
  region size 1024K, 3 young (3072K), 3 survivors (3072K)
 Metaspace       used 4990K, committed 5248K, reserved 1056768K
  class space    used 643K, committed 768K, reserved 1048576K
}
Event: 0.825 GC heap before
{Heap before GC invocations=5 (full 0):
 garbage-first heap   total 129024K, used 80000K [0x0000000083800000, 0x0000000100000000)
  region size 1024K, 75 young (76800K), 3 survivors (3072K)
 Metaspace       used 4990K, committed 5248K, reserved 1056768K
  class space    used 643K, committed 768K, reserved 1048576K
}
Event: 0.829 GC heap after
{Heap after GC invocations=6 (full 0):
 garbage-first heap   total 258048K, used 6144K [0x0000000083800000, 0x0000000100000000)
  region size 1024K, 2 young (2048K), 2 survivors (2048K)
 Metaspace       used 4990K, committed 5248K, reserved 1056768K
  class space    used 643K, committed 768K, reserved 1048576K
}
Event: 0.927 GC heap before
{Heap before GC invocations=6 (full 0):
 garbage-first heap   total 258048K, used 158720K [0x0000000083800000, 0x0000000100000000)
  region size 1024K, 151 young (154624K), 2 survivors (2048K)
 Metaspace       used 4990K, committed 5248K, reserved 1056768K
  class space    used 643K, committed 768K, reserved 1048576K
}
Event: 0.929 GC heap after
{Heap after GC invocations=7 (full 0):
 garbage-first heap   total 258048K, used 6271K [0x0000000083800000, 0x0000000100000000)
  region size 1024K, 3 young (3072K), 3 survivors (3072K)
 Metaspace       used 4990K, committed 5248K, reserved 1056768K
  class space    used 643K, committed 768K, reserved 1048576K
}
Event: 0.965 GC heap before
{Heap before GC invocations=7 (full 0):
 garbage-first heap   total 258048K, used 157823K [0x0000000083800000, 0x0000000100000000)
  region size 1024K, 151 young (154624K), 3 survivors (3072K)
 Metaspace       used 4994K, committed 5248K, reserved 1056768K
  class space    used 643K, committed 768K, reserved 1048576K
}
Event: 0.967 GC heap after
{Heap after GC invocations=8 (full 0):
 garbage-first heap   total 258048K, used 6334K [0x0000000083800000, 0x0000000100000000)
  region size 1024K, 3 young (3072K), 3 survivors (3072K)
 Metaspace       used 4994K, committed 5248K, reserved 1056768K
  class space    used 643K, committed 768K, reserved 1048576K
}
Event: 1.014 GC heap before
{Heap before GC invocations=8 (full 0):
 garbage-first heap   total 258048K, used 157886K [0x0000000083800000, 0x0000000100000000)
  region size 1024K, 151 young (154624K), 3 survivors (3072K)
 Metaspace       used 4994K, committed 5248K, reserved 1056768K
  class space    used 643K, committed 768K, reserved 1048576K
}
Event: 1.016 GC heap after
{Heap after GC invocations=9 (full 0):
 garbage-first heap   total 258048K, used 6269K [0x0000000083800000, 0x0000000100000000)
  region size 1024K, 3 young (3072K), 3 survivors (3072K)
 Metaspace       used 4994K, committed 5248K, reserved 1056768K
  class space    used 643K, committed 768K, reserved 1048576K
}
Event: 1.094 GC heap before
{Heap before GC invocations=9 (full 0):
 garbage-first heap   total 258048K, used 157821K [0x0000000083800000, 0x0000000100000000)
  region size 1024K, 151 young (154624K), 3 survivors (3072K)
 Metaspace       used 5193K, committed 5376K, reserved 1056768K
  class space    used 658K, committed 768K, reserved 1048576K
}

