# JRE version: Java(TM) SE Runtime Environment (17.0.2+8) (build 17.0.2+8-LTS-86)
# Java VM: Java HotSpot(TM) 64-Bit Server VM (17.0.2+8-LTS-86, mixed mode, sharing, tiered, compressed oops, compressed class ptrs, g1 gc, windows-amd64)
GC Precious Log:
 CPUs: 8 total, 8 available
 Memory: 7967M
 Large Page Support: Disabled
 NUMA Support: Disabled
 Compressed Oops: Enabled (32-bit)
 Heap Region Size: 1M
 Heap Min Capacity: 8M
 Heap Initial Capacity: 126M
 Heap Max Capacity: 1992M
 Pre-touch: Disabled
 Parallel Workers: 8
 Concurrent Workers: 2
 Concurrent Refinement Workers: 8
 Periodic GC: Disabled
Heap:
 garbage-first heap   total 333824K, used 3683K [0x0000000083800000, 0x0000000100000000)
  region size 1024K, 3 young (3072K), 3 survivors (3072K)
 Metaspace       used 5297K, committed 5504K, reserved 1056768K
  class space    used 664K, committed 768K, reserved 1048576K
GC Heap History (20 events):
Event: 1.527 GC heap after
{Heap after GC invocations=4 (full 0):
 garbage-first heap   total 129024K, used 3717K [0x0000000083800000, 0x0000000100000000)
  region size 1024K, 3 young (3072K), 3 survivors (3072K)
 Metaspace       used 5297K, committed 5504K, reserved 1056768K
  class space    used 664K, committed 768K, reserved 1048576K
}
Event: 1.637 GC heap before
{Heap before GC invocations=4 (full 0):
 garbage-first heap   total 129024K, used 77445K [0x0000000083800000, 0x0000000100000000)
  region size 1024K, 75 young (76800K), 3 survivors (3072K)
 Metaspace       used 5297K, committed 5504K, reserved 1056768K
  class space    used 664K, committed 768K, reserved 1048576K
}
Event: 1.643 GC heap after
{Heap after GC invocations=5 (full 0):
 garbage-first heap   total 129024K, used 3722K [0x0000000083800000, 0x0000000100000000)
  region size 1024K, 3 young (3072K), 3 survivors (3072K)
 Metaspace       used 5297K, committed 5504K, reserved 1056768K
  class space    used 664K, committed 768K, reserved 1048576K
}
Event: 1.695 GC heap before
{Heap before GC invocations=5 (full 0):
 garbage-first heap   total 129024K, used 77450K [0x0000000083800000, 0x0000000100000000)
  region size 1024K, 75 young (76800K), 3 survivors (3072K)
 Metaspace       used 5297K, committed 5504K, reserved 1056768K
  class space    used 664K, committed 768K, reserved 1048576K
}
Event: 1.702 GC heap after
{Heap after GC invocations=6 (full 0):
 garbage-first heap   total 196608K, used 3725K [0x0000000083800000, 0x0000000100000000)
  region size 1024K, 3 young (3072K), 3 survivors (3072K)
 Metaspace       used 5297K, committed 5504K, reserved 1056768K
  class space    used 664K, committed 768K, reserved 1048576K
}
Event: 1.839 GC heap before
{Heap before GC invocations=6 (full 0):
 garbage-first heap   total 196608K, used 118413K [0x0000000083800000, 0x0000000100000000)
  region size 1024K, 115 young (117760K), 3 survivors (3072K)
 Metaspace       used 5297K, committed 5504K, reserved 1056768K
  class space    used 664K, committed 768K, reserved 1048576K
}
Event: 1.844 GC heap after
{Heap after GC invocations=7 (full 0):
 garbage-first heap   total 196608K, used 3685K [0x0000000083800000, 0x0000000100000000)
  region size 1024K, 3 young (3072K), 3 survivors (3072K)
 Metaspace       used 5297K, committed 5504K, reserved 1056768K
  class space    used 664K, committed 768K, reserved 1048576K
}
Event: 1.915 GC heap before
{Heap before GC invocations=7 (full 0):
 garbage-first heap   total 196608K, used 118373K [0x0000000083800000, 0x0000000100000000)
  region size 1024K, 115 young (117760K), 3 survivors (3072K)
 Metaspace       used 5297K, committed 5504K, reserved 1056768K
  class space    used 664K, committed 768K, reserved 1048576K
}
Event: 1.920 GC heap after
{Heap after GC invocations=8 (full 0):
 garbage-first heap   total 196608K, used 3679K [0x0000000083800000, 0x0000000100000000)
  region size 1024K, 3 young (3072K), 3 survivors (3072K)
 Metaspace       used 5297K, committed 5504K, reserved 1056768K
  class space    used 664K, committed 768K, reserved 1048576K
}
Event: 1.994 GC heap before
{Heap before GC invocations=8 (full 0):
 garbage-first heap   total 196608K, used 118367K [0x0000000083800000, 0x0000000100000000)
  region size 1024K, 115 young (117760K), 3 survivors (3072K)
 Metaspace       used 5297K, committed 5504K, reserved 1056768K
  class space    used 664K, committed 768K, reserved 1048576K
}
Event: 1.999 GC heap after
{Heap after GC invocations=9 (full 0):
 garbage-first heap   total 196608K, used 3787K [0x0000000083800000, 0x0000000100000000)
  region size 1024K, 3 young (3072K), 3 survivors (3072K)
 Metaspace       used 5297K, committed 5504K, reserved 1056768K
  class space    used 664K, committed 768K, reserved 1048576K
}
Event: 2.061 GC heap before
{Heap before GC invocations=9 (full 0):
 garbage-first heap   total 196608K, used 118475K [0x0000000083800000, 0x0000000100000000)
  region size 1024K, 115 young (117760K), 3 survivors (3072K)
 Metaspace       used 5297K, committed 5504K, reserved 1056768K
  class space    used 664K, committed 768K, reserved 1048576K
}
Event: 2.067 GC heap after
{Heap after GC invocations=10 (full 0):
 garbage-first heap   total 333824K, used 3667K [0x0000000083800000, 0x0000000100000000)
  region size 1024K, 3 young (3072K), 3 survivors (3072K)
 Metaspace       used 5297K, committed 5504K, reserved 1056768K
  class space    used 664K, committed 768K, reserved 1048576K
}
Event: 2.226 GC heap before
{Heap before GC invocations=10 (full 0):
 garbage-first heap   total 333824K, used 200275K [0x0000000083800000, 0x0000000100000000)
  region size 1024K, 195 young (199680K), 3 survivors (3072K)
 Metaspace       used 5297K, committed 5504K, reserved 1056768K
  class space    used 664K, committed 768K, reserved 1048576K
}
Event: 2.230 GC heap after
{Heap after GC invocations=11 (full 0):
 garbage-first heap   total 333824K, used 3780K [0x0000000083800000, 0x0000000100000000)
  region size 1024K, 3 young (3072K), 3 survivors (3072K)
 Metaspace       used 5297K, committed 5504K, reserved 1056768K
  class space    used 664K, committed 768K, reserved 1048576K
}
Event: 2.296 GC heap before
{Heap before GC invocations=11 (full 0):
 garbage-first heap   total 333824K, used 200388K [0x0000000083800000, 0x0000000100000000)
  region size 1024K, 195 young (199680K), 3 survivors (3072K)
 Metaspace       used 5297K, committed 5504K, reserved 1056768K
  class space    used 664K, committed 768K, reserved 1048576K
}
Event: 2.300 GC heap after
{Heap after GC invocations=12 (full 0):
 garbage-first heap   total 333824K, used 3615K [0x0000000083800000, 0x0000000100000000)
  region size 1024K, 3 young (3072K), 3 survivors (3072K)
 Metaspace       used 5297K, committed 5504K, reserved 1056768K
  class space    used 664K, committed 768K, reserved 1048576K
}
Event: 2.360 GC heap before
{Heap before GC invocations=12 (full 0):
 garbage-first heap   total 333824K, used 200223K [0x0000000083800000, 0x0000000100000000)
  region size 1024K, 195 young (199680K), 3 survivors (3072K)
 Metaspace       used 5297K, committed 5504K, reserved 1056768K
  class space    used 664K, committed 768K, reserved 1048576K
}
Event: 2.364 GC heap after
{Heap after GC invocations=13 (full 0):
 garbage-first heap   total 333824K, used 3741K [0x0000000083800000, 0x0000000100000000)
  region size 1024K, 3 young (3072K), 3 survivors (3072K)
 Metaspace       used 5297K, committed 5504K, reserved 1056768K
  class space    used 664K, committed 768K, reserved 1048576K
}
Event: 2.438 GC heap before
{Heap before GC invocations=13 (full 0):
 garbage-first heap   total 333824K, used 200349K [0x0000000083800000, 0x0000000100000000)
  region size 1024K, 195 young (199680K), 3 survivors (3072K)
 Metaspace       used 5297K, committed 5504K, reserved 1056768K
  class space    used 664K, committed 768K, reserved 1048576K
}

