# JRE version: Java(TM) SE Runtime Environment (17.0.2+8) (build 17.0.2+8-LTS-86)
# Java VM: Java HotSpot(TM) 64-Bit Server VM (17.0.2+8-LTS-86, mixed mode, sharing, tiered, compressed oops, compressed class ptrs, g1 gc, windows-amd64)
GC Precious Log:
 CPUs: 8 total, 8 available
 Memory: 7967M
 Large Page Support: Disabled
 NUMA Support: Disabled
 Compressed Oops: Enabled (32-bit)
 Heap Region Size: 1M
 Heap Min Capacity: 8M
 Heap Initial Capacity: 126M
 Heap Max Capacity: 1992M
 Pre-touch: Disabled
 Parallel Workers: 8
 Concurrent Workers: 2
 Concurrent Refinement Workers: 8
 Periodic GC: Disabled
Heap:
 garbage-first heap   total 129024K, used 3782K [0x0000000083800000, 0x0000000100000000)
  region size 1024K, 1 young (1024K), 1 survivors (1024K)
 Metaspace       used 5375K, committed 5632K, reserved 1056768K
  class space    used 675K, committed 832K, reserved 1048576K
GC Heap History (13 events):
Event: 2.960 GC heap before
{Heap before GC invocations=0 (full 0):
 garbage-first heap   total 129024K, used 23552K [0x0000000083800000, 0x0000000100000000)
  region size 1024K, 23 young (23552K), 0 survivors (0K)
 Metaspace       used 5302K, committed 5504K, reserved 1056768K
  class space    used 674K, committed 768K, reserved 1048576K
}
Event: 3.150 GC heap after
{Heap after GC invocations=1 (full 0):
 garbage-first heap   total 129024K, used 3727K [0x0000000083800000, 0x0000000100000000)
  region size 1024K, 3 young (3072K), 3 survivors (3072K)
 Metaspace       used 5302K, committed 5504K, reserved 1056768K
  class space    used 674K, committed 768K, reserved 1048576K
}
Event: 3.262 GC heap before
{Heap before GC invocations=1 (full 0):
 garbage-first heap   total 129024K, used 36495K [0x0000000083800000, 0x0000000100000000)
  region size 1024K, 35 young (35840K), 3 survivors (3072K)
 Metaspace       used 5344K, committed 5568K, reserved 1056768K
  class space    used 675K, committed 832K, reserved 1048576K
}
Event: 3.267 GC heap after
{Heap after GC invocations=2 (full 0):
 garbage-first heap   total 129024K, used 4247K [0x0000000083800000, 0x0000000100000000)
  region size 1024K, 1 young (1024K), 1 survivors (1024K)
 Metaspace       used 5344K, committed 5568K, reserved 1056768K
  class space    used 675K, committed 832K, reserved 1048576K
}
Event: 3.446 GC heap before
{Heap before GC invocations=2 (full 0):
 garbage-first heap   total 129024K, used 80023K [0x0000000083800000, 0x0000000100000000)
  region size 1024K, 75 young (76800K), 1 survivors (1024K)
 Metaspace       used 5362K, committed 5632K, reserved 1056768K
  class space    used 675K, committed 832K, reserved 1048576K
}
Event: 3.447 GC heap after
{Heap after GC invocations=3 (full 0):
 garbage-first heap   total 129024K, used 3838K [0x0000000083800000, 0x0000000100000000)
  region size 1024K, 1 young (1024K), 1 survivors (1024K)
 Metaspace       used 5362K, committed 5632K, reserved 1056768K
  class space    used 675K, committed 832K, reserved 1048576K
}
Event: 3.515 GC heap before
{Heap before GC invocations=3 (full 0):
 garbage-first heap   total 129024K, used 79614K [0x0000000083800000, 0x0000000100000000)
  region size 1024K, 75 young (76800K), 1 survivors (1024K)
 Metaspace       used 5371K, committed 5632K, reserved 1056768K
  class space    used 675K, committed 832K, reserved 1048576K
}
Event: 3.515 GC heap after
{Heap after GC invocations=4 (full 0):
 garbage-first heap   total 129024K, used 3792K [0x0000000083800000, 0x0000000100000000)
  region size 1024K, 1 young (1024K), 1 survivors (1024K)
 Metaspace       used 5371K, committed 5632K, reserved 1056768K
  class space    used 675K, committed 832K, reserved 1048576K
}
Event: 3.627 GC heap before
{Heap before GC invocations=4 (full 0):
 garbage-first heap   total 129024K, used 79568K [0x0000000083800000, 0x0000000100000000)
  region size 1024K, 75 young (76800K), 1 survivors (1024K)
 Metaspace       used 5371K, committed 5632K, reserved 1056768K
  class space    used 675K, committed 832K, reserved 1048576K
}
Event: 3.628 GC heap after
{Heap after GC invocations=5 (full 0):
 garbage-first heap   total 129024K, used 3790K [0x0000000083800000, 0x0000000100000000)
  region size 1024K, 1 young (1024K), 1 survivors (1024K)
 Metaspace       used 5371K, committed 5632K, reserved 1056768K
  class space    used 675K, committed 832K, reserved 1048576K
}
Event: 3.688 GC heap before
{Heap before GC invocations=5 (full 0):
 garbage-first heap   total 129024K, used 79566K [0x0000000083800000, 0x0000000100000000)
  region size 1024K, 75 young (76800K), 1 survivors (1024K)
 Metaspace       used 5374K, committed 5632K, reserved 1056768K
  class space    used 675K, committed 832K, reserved 1048576K
}
Event: 3.689 GC heap after
{Heap after GC invocations=6 (full 0):
 garbage-first heap   total 129024K, used 3786K [0x0000000083800000, 0x0000000100000000)
  region size 1024K, 1 young (1024K), 1 survivors (1024K)
 Metaspace       used 5374K, committed 5632K, reserved 1056768K
  class space    used 675K, committed 832K, reserved 1048576K
}
Event: 3.751 GC heap before
{Heap before GC invocations=6 (full 0):
 garbage-first heap   total 129024K, used 79562K [0x0000000083800000, 0x0000000100000000)
  region size 1024K, 75 young (76800K), 1 survivors (1024K)
 Metaspace       used 5375K, committed 5632K, reserved 1056768K
  class space    used 675K, committed 832K, reserved 1048576K
}

