# JRE version: Java(TM) SE Runtime Environment (17.0.2+8) (build 17.0.2+8-LTS-86)
# Java VM: Java HotSpot(TM) 64-Bit Server VM (17.0.2+8-LTS-86, mixed mode, sharing, tiered, compressed oops, compressed class ptrs, g1 gc, windows-amd64)
GC Precious Log:
 CPUs: 8 total, 8 available
 Memory: 7967M
 Large Page Support: Disabled
 NUMA Support: Disabled
 Compressed Oops: Enabled (32-bit)
 Heap Region Size: 1M
 Heap Min Capacity: 8M
 Heap Initial Capacity: 126M
 Heap Max Capacity: 1992M
 Pre-touch: Disabled
 Parallel Workers: 8
 Concurrent Workers: 2
 Concurrent Refinement Workers: 8
 Periodic GC: Disabled
Heap:
 garbage-first heap   total 390144K, used 3860K [0x0000000083800000, 0x0000000100000000)
  region size 1024K, 3 young (3072K), 3 survivors (3072K)
 Metaspace       used 5276K, committed 5376K, reserved 1056768K
  class space    used 662K, committed 704K, reserved 1048576K
GC Heap History (20 events):
Event: 0.763 GC heap after
{Heap after GC invocations=5 (full 0):
 garbage-first heap   total 129024K, used 3345K [0x0000000083800000, 0x0000000100000000)
  region size 1024K, 3 young (3072K), 3 survivors (3072K)
 Metaspace       used 5075K, committed 5248K, reserved 1056768K
  class space    used 648K, committed 704K, reserved 1048576K
}
Event: 0.785 GC heap before
{Heap before GC invocations=5 (full 0):
 garbage-first heap   total 129024K, used 77073K [0x0000000083800000, 0x0000000100000000)
  region size 1024K, 75 young (76800K), 3 survivors (3072K)
 Metaspace       used 5075K, committed 5248K, reserved 1056768K
  class space    used 648K, committed 704K, reserved 1048576K
}
Event: 0.788 GC heap after
{Heap after GC invocations=6 (full 0):
 garbage-first heap   total 236544K, used 3205K [0x0000000083800000, 0x0000000100000000)
  region size 1024K, 3 young (3072K), 3 survivors (3072K)
 Metaspace       used 5075K, committed 5248K, reserved 1056768K
  class space    used 648K, committed 704K, reserved 1048576K
}
Event: 0.872 GC heap before
{Heap before GC invocations=6 (full 0):
 garbage-first heap   total 236544K, used 141445K [0x0000000083800000, 0x0000000100000000)
  region size 1024K, 138 young (141312K), 3 survivors (3072K)
 Metaspace       used 5075K, committed 5248K, reserved 1056768K
  class space    used 648K, committed 704K, reserved 1048576K
}
Event: 0.875 GC heap after
{Heap after GC invocations=7 (full 0):
 garbage-first heap   total 236544K, used 3312K [0x0000000083800000, 0x0000000100000000)
  region size 1024K, 3 young (3072K), 3 survivors (3072K)
 Metaspace       used 5075K, committed 5248K, reserved 1056768K
  class space    used 648K, committed 704K, reserved 1048576K
}
Event: 0.913 GC heap before
{Heap before GC invocations=7 (full 0):
 garbage-first heap   total 236544K, used 141552K [0x0000000083800000, 0x0000000100000000)
  region size 1024K, 138 young (141312K), 3 survivors (3072K)
 Metaspace       used 5075K, committed 5248K, reserved 1056768K
  class space    used 648K, committed 704K, reserved 1048576K
}
Event: 0.916 GC heap after
{Heap after GC invocations=8 (full 0):
 garbage-first heap   total 236544K, used 3307K [0x0000000083800000, 0x0000000100000000)
  region size 1024K, 3 young (3072K), 3 survivors (3072K)
 Metaspace       used 5075K, committed 5248K, reserved 1056768K
  class space    used 648K, committed 704K, reserved 1048576K
}
Event: 0.962 GC heap before
{Heap before GC invocations=8 (full 0):
 garbage-first heap   total 236544K, used 141547K [0x0000000083800000, 0x0000000100000000)
  region size 1024K, 138 young (141312K), 3 survivors (3072K)
 Metaspace       used 5075K, committed 5248K, reserved 1056768K
  class space    used 648K, committed 704K, reserved 1048576K
}
Event: 0.965 GC heap after
{Heap after GC invocations=9 (full 0):
 garbage-first heap   total 236544K, used 3385K [0x0000000083800000, 0x0000000100000000)
  region size 1024K, 3 young (3072K), 3 survivors (3072K)
 Metaspace       used 5075K, committed 5248K, reserved 1056768K
  class space    used 648K, committed 704K, reserved 1048576K
}
Event: 1.000 GC heap before
{Heap before GC invocations=9 (full 0):
 garbage-first heap   total 236544K, used 141625K [0x0000000083800000, 0x0000000100000000)
  region size 1024K, 138 young (141312K), 3 survivors (3072K)
 Metaspace       used 5075K, committed 5248K, reserved 1056768K
  class space    used 648K, committed 704K, reserved 1048576K
}
Event: 1.003 GC heap after
{Heap after GC invocations=10 (full 0):
 garbage-first heap   total 390144K, used 3230K [0x0000000083800000, 0x0000000100000000)
  region size 1024K, 3 young (3072K), 3 survivors (3072K)
 Metaspace       used 5075K, committed 5248K, reserved 1056768K
  class space    used 648K, committed 704K, reserved 1048576K
}
Event: 1.131 GC heap before
{Heap before GC invocations=10 (full 0):
 garbage-first heap   total 390144K, used 233630K [0x0000000083800000, 0x0000000100000000)
  region size 1024K, 228 young (233472K), 3 survivors (3072K)
 Metaspace       used 5075K, committed 5248K, reserved 1056768K
  class space    used 648K, committed 704K, reserved 1048576K
}
Event: 1.134 GC heap after
{Heap after GC invocations=11 (full 0):
 garbage-first heap   total 390144K, used 3171K [0x0000000083800000, 0x0000000100000000)
  region size 1024K, 3 young (3072K), 3 survivors (3072K)
 Metaspace       used 5075K, committed 5248K, reserved 1056768K
  class space    used 648K, committed 704K, reserved 1048576K
}
Event: 1.198 GC heap before
{Heap before GC invocations=11 (full 0):
 garbage-first heap   total 390144K, used 233571K [0x0000000083800000, 0x0000000100000000)
  region size 1024K, 228 young (233472K), 3 survivors (3072K)
 Metaspace       used 5276K, committed 5376K, reserved 1056768K
  class space    used 662K, committed 704K, reserved 1048576K
}
Event: 1.201 GC heap after
{Heap after GC invocations=12 (full 0):
 garbage-first heap   total 390144K, used 3773K [0x0000000083800000, 0x0000000100000000)
  region size 1024K, 3 young (3072K), 3 survivors (3072K)
 Metaspace       used 5276K, committed 5376K, reserved 1056768K
  class space    used 662K, committed 704K, reserved 1048576K
}
Event: 1.263 GC heap before
{Heap before GC invocations=12 (full 0):
 garbage-first heap   total 390144K, used 234173K [0x0000000083800000, 0x0000000100000000)
  region size 1024K, 228 young (233472K), 3 survivors (3072K)
 Metaspace       used 5276K, committed 5376K, reserved 1056768K
  class space    used 662K, committed 704K, reserved 1048576K
}
Event: 1.265 GC heap after
{Heap after GC invocations=13 (full 0):
 garbage-first heap   total 390144K, used 3871K [0x0000000083800000, 0x0000000100000000)
  region size 1024K, 3 young (3072K), 3 survivors (3072K)
 Metaspace       used 5276K, committed 5376K, reserved 1056768K
  class space    used 662K, committed 704K, reserved 1048576K
}
Event: 1.325 GC heap before
{Heap before GC invocations=13 (full 0):
 garbage-first heap   total 390144K, used 234271K [0x0000000083800000, 0x0000000100000000)
  region size 1024K, 228 young (233472K), 3 survivors (3072K)
 Metaspace       used 5276K, committed 5376K, reserved 1056768K
  class space    used 662K, committed 704K, reserved 1048576K
}
Event: 1.327 GC heap after
{Heap after GC invocations=14 (full 0):
 garbage-first heap   total 390144K, used 3799K [0x0000000083800000, 0x0000000100000000)
  region size 1024K, 3 young (3072K), 3 survivors (3072K)
 Metaspace       used 5276K, committed 5376K, reserved 1056768K
  class space    used 662K, committed 704K, reserved 1048576K
}
Event: 1.397 GC heap before
{Heap before GC invocations=14 (full 0):
 garbage-first heap   total 390144K, used 234199K [0x0000000083800000, 0x0000000100000000)
  region size 1024K, 228 young (233472K), 3 survivors (3072K)
 Metaspace       used 5276K, committed 5376K, reserved 1056768K
  class space    used 662K, committed 704K, reserved 1048576K
}

