# JRE version: Java(TM) SE Runtime Environment (17.0.2+8) (build 17.0.2+8-LTS-86)
# Java VM: Java HotSpot(TM) 64-Bit Server VM (17.0.2+8-LTS-86, mixed mode, sharing, tiered, compressed oops, compressed class ptrs, g1 gc, windows-amd64)
GC Precious Log:
 CPUs: 8 total, 8 available
 Memory: 7967M
 Large Page Support: Disabled
 NUMA Support: Disabled
 Compressed Oops: Enabled (32-bit)
 Heap Region Size: 1M
 Heap Min Capacity: 8M
 Heap Initial Capacity: 126M
 Heap Max Capacity: 1992M
 Pre-touch: Disabled
 Parallel Workers: 8
 Concurrent Workers: 2
 Concurrent Refinement Workers: 8
 Periodic GC: Disabled
Heap:
 garbage-first heap   total 235520K, used 3769K [0x0000000083800000, 0x0000000100000000)
  region size 1024K, 3 young (3072K), 3 survivors (3072K)
 Metaspace       used 6144K, committed 6400K, reserved 1056768K
  class space    used 760K, committed 896K, reserved 1048576K
GC Heap History (20 events):
Event: 0.577 GC heap after
{Heap after GC invocations=1 (full 0):
 garbage-first heap   total 129024K, used 3071K [0x0000000083800000, 0x0000000100000000)
  region size 1024K, 2 young (2048K), 2 survivors (2048K)
 Metaspace       used 5032K, committed 5184K, reserved 1056768K
  class space    used 647K, committed 704K, reserved 1048576K
}
Event: 0.612 GC heap before
{Heap before GC invocations=1 (full 0):
 garbage-first heap   total 129024K, used 36863K [0x0000000083800000, 0x0000000100000000)
  region size 1024K, 35 young (35840K), 2 survivors (2048K)
 Metaspace       used 5050K, committed 5248K, reserved 1056768K
  class space    used 648K, committed 704K, reserved 1048576K
}
Event: 0.615 GC heap after
{Heap after GC invocations=2 (full 0):
 garbage-first heap   total 129024K, used 3204K [0x0000000083800000, 0x0000000100000000)
  region size 1024K, 3 young (3072K), 3 survivors (3072K)
 Metaspace       used 5050K, committed 5248K, reserved 1056768K
  class space    used 648K, committed 704K, reserved 1048576K
}
Event: 0.680 GC heap before
{Heap before GC invocations=2 (full 0):
 garbage-first heap   total 129024K, used 76932K [0x0000000083800000, 0x0000000100000000)
  region size 1024K, 75 young (76800K), 3 survivors (3072K)
 Metaspace       used 5050K, committed 5248K, reserved 1056768K
  class space    used 648K, committed 704K, reserved 1048576K
}
Event: 0.683 GC heap after
{Heap after GC invocations=3 (full 0):
 garbage-first heap   total 129024K, used 3203K [0x0000000083800000, 0x0000000100000000)
  region size 1024K, 3 young (3072K), 3 survivors (3072K)
 Metaspace       used 5050K, committed 5248K, reserved 1056768K
  class space    used 648K, committed 704K, reserved 1048576K
}
Event: 0.713 GC heap before
{Heap before GC invocations=3 (full 0):
 garbage-first heap   total 129024K, used 76931K [0x0000000083800000, 0x0000000100000000)
  region size 1024K, 75 young (76800K), 3 survivors (3072K)
 Metaspace       used 5051K, committed 5248K, reserved 1056768K
  class space    used 648K, committed 704K, reserved 1048576K
}
Event: 0.716 GC heap after
{Heap after GC invocations=4 (full 0):
 garbage-first heap   total 129024K, used 3203K [0x0000000083800000, 0x0000000100000000)
  region size 1024K, 3 young (3072K), 3 survivors (3072K)
 Metaspace       used 5051K, committed 5248K, reserved 1056768K
  class space    used 648K, committed 704K, reserved 1048576K
}
Event: 0.757 GC heap before
{Heap before GC invocations=4 (full 0):
 garbage-first heap   total 129024K, used 76931K [0x0000000083800000, 0x0000000100000000)
  region size 1024K, 75 young (76800K), 3 survivors (3072K)
 Metaspace       used 5051K, committed 5248K, reserved 1056768K
  class space    used 648K, committed 704K, reserved 1048576K
}
Event: 0.760 GC heap after
{Heap after GC invocations=5 (full 0):
 garbage-first heap   total 129024K, used 3201K [0x0000000083800000, 0x0000000100000000)
  region size 1024K, 3 young (3072K), 3 survivors (3072K)
 Metaspace       used 5051K, committed 5248K, reserved 1056768K
  class space    used 648K, committed 704K, reserved 1048576K
}
Event: 0.795 GC heap before
{Heap before GC invocations=5 (full 0):
 garbage-first heap   total 129024K, used 76929K [0x0000000083800000, 0x0000000100000000)
  region size 1024K, 75 young (76800K), 3 survivors (3072K)
 Metaspace       used 5051K, committed 5248K, reserved 1056768K
  class space    used 648K, committed 704K, reserved 1048576K
}
Event: 0.798 GC heap after
{Heap after GC invocations=6 (full 0):
 garbage-first heap   total 235520K, used 3202K [0x0000000083800000, 0x0000000100000000)
  region size 1024K, 3 young (3072K), 3 survivors (3072K)
 Metaspace       used 5051K, committed 5248K, reserved 1056768K
  class space    used 648K, committed 704K, reserved 1048576K
}
Event: 0.896 GC heap before
{Heap before GC invocations=6 (full 0):
 garbage-first heap   total 235520K, used 141442K [0x0000000083800000, 0x0000000100000000)
  region size 1024K, 138 young (141312K), 3 survivors (3072K)
 Metaspace       used 5051K, committed 5248K, reserved 1056768K
  class space    used 648K, committed 704K, reserved 1048576K
}
Event: 0.898 GC heap after
{Heap after GC invocations=7 (full 0):
 garbage-first heap   total 235520K, used 3150K [0x0000000083800000, 0x0000000100000000)
  region size 1024K, 3 young (3072K), 3 survivors (3072K)
 Metaspace       used 5051K, committed 5248K, reserved 1056768K
  class space    used 648K, committed 704K, reserved 1048576K
}
Event: 0.948 GC heap before
{Heap before GC invocations=7 (full 0):
 garbage-first heap   total 235520K, used 141390K [0x0000000083800000, 0x0000000100000000)
  region size 1024K, 138 young (141312K), 3 survivors (3072K)
 Metaspace       used 5051K, committed 5248K, reserved 1056768K
  class space    used 648K, committed 704K, reserved 1048576K
}
Event: 0.950 GC heap after
{Heap after GC invocations=8 (full 0):
 garbage-first heap   total 235520K, used 3149K [0x0000000083800000, 0x0000000100000000)
  region size 1024K, 3 young (3072K), 3 survivors (3072K)
 Metaspace       used 5051K, committed 5248K, reserved 1056768K
  class space    used 648K, committed 704K, reserved 1048576K
}
Event: 1.150 GC heap before
{Heap before GC invocations=8 (full 0):
 garbage-first heap   total 235520K, used 142413K [0x0000000083800000, 0x0000000100000000)
  region size 1024K, 138 young (141312K), 3 survivors (3072K)
 Metaspace       used 6144K, committed 6400K, reserved 1056768K
  class space    used 760K, committed 896K, reserved 1048576K
}
Event: 1.153 GC heap after
{Heap after GC invocations=9 (full 0):
 garbage-first heap   total 235520K, used 3765K [0x0000000083800000, 0x0000000100000000)
  region size 1024K, 3 young (3072K), 3 survivors (3072K)
 Metaspace       used 6144K, committed 6400K, reserved 1056768K
  class space    used 760K, committed 896K, reserved 1048576K
}
Event: 1.224 GC heap before
{Heap before GC invocations=9 (full 0):
 garbage-first heap   total 235520K, used 142005K [0x0000000083800000, 0x0000000100000000)
  region size 1024K, 138 young (141312K), 3 survivors (3072K)
 Metaspace       used 6144K, committed 6400K, reserved 1056768K
  class space    used 760K, committed 896K, reserved 1048576K
}
Event: 1.226 GC heap after
{Heap after GC invocations=10 (full 0):
 garbage-first heap   total 235520K, used 3817K [0x0000000083800000, 0x0000000100000000)
  region size 1024K, 3 young (3072K), 3 survivors (3072K)
 Metaspace       used 6144K, committed 6400K, reserved 1056768K
  class space    used 760K, committed 896K, reserved 1048576K
}
Event: 1.306 GC heap before
{Heap before GC invocations=10 (full 0):
 garbage-first heap   total 235520K, used 142057K [0x0000000083800000, 0x0000000100000000)
  region size 1024K, 138 young (141312K), 3 survivors (3072K)
 Metaspace       used 6144K, committed 6400K, reserved 1056768K
  class space    used 760K, committed 896K, reserved 1048576K
}

