# JRE version: Java(TM) SE Runtime Environment (17.0.2+8) (build 17.0.2+8-LTS-86)
# Java VM: Java HotSpot(TM) 64-Bit Server VM (17.0.2+8-LTS-86, mixed mode, sharing, tiered, compressed oops, compressed class ptrs, g1 gc, windows-amd64)
GC Precious Log:
 CPUs: 8 total, 8 available
 Memory: 7967M
 Large Page Support: Disabled
 NUMA Support: Disabled
 Compressed Oops: Enabled (32-bit)
 Heap Region Size: 1M
 Heap Min Capacity: 8M
 Heap Initial Capacity: 126M
 Heap Max Capacity: 1992M
 Pre-touch: Disabled
 Parallel Workers: 8
 Concurrent Workers: 2
 Concurrent Refinement Workers: 8
 Periodic GC: Disabled
Heap:
 garbage-first heap   total 392192K, used 3975K [0x0000000083800000, 0x0000000100000000)
  region size 1024K, 3 young (3072K), 3 survivors (3072K)
 Metaspace       used 5269K, committed 5376K, reserved 1056768K
  class space    used 662K, committed 704K, reserved 1048576K
GC Heap History (20 events):
Event: 0.723 GC heap after
{Heap after GC invocations=5 (full 0):
 garbage-first heap   total 129024K, used 3506K [0x0000000083800000, 0x0000000100000000)
  region size 1024K, 3 young (3072K), 3 survivors (3072K)
 Metaspace       used 5044K, committed 5184K, reserved 1056768K
  class space    used 648K, committed 704K, reserved 1048576K
}
Event: 0.754 GC heap before
{Heap before GC invocations=5 (full 0):
 garbage-first heap   total 129024K, used 77234K [0x0000000083800000, 0x0000000100000000)
  region size 1024K, 75 young (76800K), 3 survivors (3072K)
 Metaspace       used 5048K, committed 5184K, reserved 1056768K
  class space    used 648K, committed 704K, reserved 1048576K
}
Event: 0.758 GC heap after
{Heap after GC invocations=6 (full 0):
 garbage-first heap   total 254976K, used 3504K [0x0000000083800000, 0x0000000100000000)
  region size 1024K, 3 young (3072K), 3 survivors (3072K)
 Metaspace       used 5048K, committed 5184K, reserved 1056768K
  class space    used 648K, committed 704K, reserved 1048576K
}
Event: 0.850 GC heap before
{Heap before GC invocations=6 (full 0):
 garbage-first heap   total 254976K, used 153008K [0x0000000083800000, 0x0000000100000000)
  region size 1024K, 149 young (152576K), 3 survivors (3072K)
 Metaspace       used 5056K, committed 5184K, reserved 1056768K
  class space    used 648K, committed 704K, reserved 1048576K
}
Event: 0.852 GC heap after
{Heap after GC invocations=7 (full 0):
 garbage-first heap   total 254976K, used 3511K [0x0000000083800000, 0x0000000100000000)
  region size 1024K, 3 young (3072K), 3 survivors (3072K)
 Metaspace       used 5056K, committed 5184K, reserved 1056768K
  class space    used 648K, committed 704K, reserved 1048576K
}
Event: 0.896 GC heap before
{Heap before GC invocations=7 (full 0):
 garbage-first heap   total 254976K, used 153015K [0x0000000083800000, 0x0000000100000000)
  region size 1024K, 149 young (152576K), 3 survivors (3072K)
 Metaspace       used 5065K, committed 5184K, reserved 1056768K
  class space    used 648K, committed 704K, reserved 1048576K
}
Event: 0.898 GC heap after
{Heap after GC invocations=8 (full 0):
 garbage-first heap   total 254976K, used 3512K [0x0000000083800000, 0x0000000100000000)
  region size 1024K, 3 young (3072K), 3 survivors (3072K)
 Metaspace       used 5065K, committed 5184K, reserved 1056768K
  class space    used 648K, committed 704K, reserved 1048576K
}
Event: 0.933 GC heap before
{Heap before GC invocations=8 (full 0):
 garbage-first heap   total 254976K, used 153016K [0x0000000083800000, 0x0000000100000000)
  region size 1024K, 149 young (152576K), 3 survivors (3072K)
 Metaspace       used 5066K, committed 5184K, reserved 1056768K
  class space    used 648K, committed 704K, reserved 1048576K
}
Event: 0.935 GC heap after
{Heap after GC invocations=9 (full 0):
 garbage-first heap   total 254976K, used 3508K [0x0000000083800000, 0x0000000100000000)
  region size 1024K, 3 young (3072K), 3 survivors (3072K)
 Metaspace       used 5066K, committed 5184K, reserved 1056768K
  class space    used 648K, committed 704K, reserved 1048576K
}
Event: 0.971 GC heap before
{Heap before GC invocations=9 (full 0):
 garbage-first heap   total 254976K, used 153012K [0x0000000083800000, 0x0000000100000000)
  region size 1024K, 149 young (152576K), 3 survivors (3072K)
 Metaspace       used 5066K, committed 5184K, reserved 1056768K
  class space    used 648K, committed 704K, reserved 1048576K
}
Event: 0.974 GC heap after
{Heap after GC invocations=10 (full 0):
 garbage-first heap   total 392192K, used 3413K [0x0000000083800000, 0x0000000100000000)
  region size 1024K, 3 young (3072K), 3 survivors (3072K)
 Metaspace       used 5066K, committed 5184K, reserved 1056768K
  class space    used 648K, committed 704K, reserved 1048576K
}
Event: 1.079 GC heap before
{Heap before GC invocations=10 (full 0):
 garbage-first heap   total 392192K, used 234837K [0x0000000083800000, 0x0000000100000000)
  region size 1024K, 229 young (234496K), 3 survivors (3072K)
 Metaspace       used 5066K, committed 5184K, reserved 1056768K
  class space    used 648K, committed 704K, reserved 1048576K
}
Event: 1.082 GC heap after
{Heap after GC invocations=11 (full 0):
 garbage-first heap   total 392192K, used 3351K [0x0000000083800000, 0x0000000100000000)
  region size 1024K, 3 young (3072K), 3 survivors (3072K)
 Metaspace       used 5066K, committed 5184K, reserved 1056768K
  class space    used 648K, committed 704K, reserved 1048576K
}
Event: 1.134 GC heap before
{Heap before GC invocations=11 (full 0):
 garbage-first heap   total 392192K, used 234775K [0x0000000083800000, 0x0000000100000000)
  region size 1024K, 229 young (234496K), 3 survivors (3072K)
 Metaspace       used 5164K, committed 5312K, reserved 1056768K
  class space    used 658K, committed 704K, reserved 1048576K
}
Event: 1.137 GC heap after
{Heap after GC invocations=12 (full 0):
 garbage-first heap   total 392192K, used 3727K [0x0000000083800000, 0x0000000100000000)
  region size 1024K, 3 young (3072K), 3 survivors (3072K)
 Metaspace       used 5164K, committed 5312K, reserved 1056768K
  class space    used 658K, committed 704K, reserved 1048576K
}
Event: 1.185 GC heap before
{Heap before GC invocations=12 (full 0):
 garbage-first heap   total 392192K, used 235151K [0x0000000083800000, 0x0000000100000000)
  region size 1024K, 229 young (234496K), 3 survivors (3072K)
 Metaspace       used 5269K, committed 5376K, reserved 1056768K
  class space    used 662K, committed 704K, reserved 1048576K
}
Event: 1.188 GC heap after
{Heap after GC invocations=13 (full 0):
 garbage-first heap   total 392192K, used 3920K [0x0000000083800000, 0x0000000100000000)
  region size 1024K, 3 young (3072K), 3 survivors (3072K)
 Metaspace       used 5269K, committed 5376K, reserved 1056768K
  class space    used 662K, committed 704K, reserved 1048576K
}
Event: 1.236 GC heap before
{Heap before GC invocations=13 (full 0):
 garbage-first heap   total 392192K, used 235344K [0x0000000083800000, 0x0000000100000000)
  region size 1024K, 229 young (234496K), 3 survivors (3072K)
 Metaspace       used 5269K, committed 5376K, reserved 1056768K
  class space    used 662K, committed 704K, reserved 1048576K
}
Event: 1.238 GC heap after
{Heap after GC invocations=14 (full 0):
 garbage-first heap   total 392192K, used 3977K [0x0000000083800000, 0x0000000100000000)
  region size 1024K, 3 young (3072K), 3 survivors (3072K)
 Metaspace       used 5269K, committed 5376K, reserved 1056768K
  class space    used 662K, committed 704K, reserved 1048576K
}
Event: 1.285 GC heap before
{Heap before GC invocations=14 (full 0):
 garbage-first heap   total 392192K, used 235401K [0x0000000083800000, 0x0000000100000000)
  region size 1024K, 229 young (234496K), 3 survivors (3072K)
 Metaspace       used 5269K, committed 5376K, reserved 1056768K
  class space    used 662K, committed 704K, reserved 1048576K
}

