# JRE version: Java(TM) SE Runtime Environment (17.0.2+8) (build 17.0.2+8-LTS-86)
# Java VM: Java HotSpot(TM) 64-Bit Server VM (17.0.2+8-LTS-86, mixed mode, sharing, tiered, compressed oops, compressed class ptrs, g1 gc, windows-amd64)
GC Precious Log:
 CPUs: 8 total, 8 available
 Memory: 7967M
 Large Page Support: Disabled
 NUMA Support: Disabled
 Compressed Oops: Enabled (32-bit)
 Heap Region Size: 1M
 Heap Min Capacity: 8M
 Heap Initial Capacity: 126M
 Heap Max Capacity: 1992M
 Pre-touch: Disabled
 Parallel Workers: 8
 Concurrent Workers: 2
 Concurrent Refinement Workers: 8
 Periodic GC: Disabled
Heap:
 garbage-first heap   total 524288K, used 159531K [0x0000000083800000, 0x0000000100000000)
  region size 1024K, 155 young (158720K), 1 survivors (1024K)
 Metaspace       used 5281K, committed 5440K, reserved 1056768K
  class space    used 662K, committed 704K, reserved 1048576K
GC Heap History (20 events):
Event: 1.353 GC heap before
{Heap before GC invocations=15 (full 0):
 garbage-first heap   total 524288K, used 315284K [0x0000000083800000, 0x0000000100000000)
  region size 1024K, 307 young (314368K), 3 survivors (3072K)
 Metaspace       used 5281K, committed 5440K, reserved 1056768K
  class space    used 662K, committed 704K, reserved 1048576K
}
Event: 1.356 GC heap after
{Heap after GC invocations=16 (full 0):
 garbage-first heap   total 524288K, used 3985K [0x0000000083800000, 0x0000000100000000)
  region size 1024K, 1 young (1024K), 1 survivors (1024K)
 Metaspace       used 5281K, committed 5440K, reserved 1056768K
  class space    used 662K, committed 704K, reserved 1048576K
}
Event: 1.421 GC heap before
{Heap before GC invocations=16 (full 0):
 garbage-first heap   total 524288K, used 317329K [0x0000000083800000, 0x0000000100000000)
  region size 1024K, 307 young (314368K), 1 survivors (1024K)
 Metaspace       used 5281K, committed 5440K, reserved 1056768K
  class space    used 662K, committed 704K, reserved 1048576K
}
Event: 1.422 GC heap after
{Heap after GC invocations=17 (full 0):
 garbage-first heap   total 524288K, used 3896K [0x0000000083800000, 0x0000000100000000)
  region size 1024K, 1 young (1024K), 1 survivors (1024K)
 Metaspace       used 5281K, committed 5440K, reserved 1056768K
  class space    used 662K, committed 704K, reserved 1048576K
}
Event: 1.484 GC heap before
{Heap before GC invocations=17 (full 0):
 garbage-first heap   total 524288K, used 317240K [0x0000000083800000, 0x0000000100000000)
  region size 1024K, 307 young (314368K), 1 survivors (1024K)
 Metaspace       used 5281K, committed 5440K, reserved 1056768K
  class space    used 662K, committed 704K, reserved 1048576K
}
Event: 1.486 GC heap after
{Heap after GC invocations=18 (full 0):
 garbage-first heap   total 524288K, used 3885K [0x0000000083800000, 0x0000000100000000)
  region size 1024K, 1 young (1024K), 1 survivors (1024K)
 Metaspace       used 5281K, committed 5440K, reserved 1056768K
  class space    used 662K, committed 704K, reserved 1048576K
}
Event: 1.548 GC heap before
{Heap before GC invocations=18 (full 0):
 garbage-first heap   total 524288K, used 317229K [0x0000000083800000, 0x0000000100000000)
  region size 1024K, 307 young (314368K), 1 survivors (1024K)
 Metaspace       used 5281K, committed 5440K, reserved 1056768K
  class space    used 662K, committed 704K, reserved 1048576K
}
Event: 1.550 GC heap after
{Heap after GC invocations=19 (full 0):
 garbage-first heap   total 524288K, used 3860K [0x0000000083800000, 0x0000000100000000)
  region size 1024K, 1 young (1024K), 1 survivors (1024K)
 Metaspace       used 5281K, committed 5440K, reserved 1056768K
  class space    used 662K, committed 704K, reserved 1048576K
}
Event: 1.613 GC heap before
{Heap before GC invocations=19 (full 0):
 garbage-first heap   total 524288K, used 317204K [0x0000000083800000, 0x0000000100000000)
  region size 1024K, 307 young (314368K), 1 survivors (1024K)
 Metaspace       used 5281K, committed 5440K, reserved 1056768K
  class space    used 662K, committed 704K, reserved 1048576K
}
Event: 1.615 GC heap after
{Heap after GC invocations=20 (full 0):
 garbage-first heap   total 524288K, used 3875K [0x0000000083800000, 0x0000000100000000)
  region size 1024K, 1 young (1024K), 1 survivors (1024K)
 Metaspace       used 5281K, committed 5440K, reserved 1056768K
  class space    used 662K, committed 704K, reserved 1048576K
}
Event: 1.687 GC heap before
{Heap before GC invocations=20 (full 0):
 garbage-first heap   total 524288K, used 317219K [0x0000000083800000, 0x0000000100000000)
  region size 1024K, 307 young (314368K), 1 survivors (1024K)
 Metaspace       used 5281K, committed 5440K, reserved 1056768K
  class space    used 662K, committed 704K, reserved 1048576K
}
Event: 1.688 GC heap after
{Heap after GC invocations=21 (full 0):
 garbage-first heap   total 524288K, used 3861K [0x0000000083800000, 0x0000000100000000)
  region size 1024K, 1 young (1024K), 1 survivors (1024K)
 Metaspace       used 5281K, committed 5440K, reserved 1056768K
  class space    used 662K, committed 704K, reserved 1048576K
}
Event: 1.772 GC heap before
{Heap before GC invocations=21 (full 0):
 garbage-first heap   total 524288K, used 317205K [0x0000000083800000, 0x0000000100000000)
  region size 1024K, 307 young (314368K), 1 survivors (1024K)
 Metaspace       used 5281K, committed 5440K, reserved 1056768K
  class space    used 662K, committed 704K, reserved 1048576K
}
Event: 1.774 GC heap after
{Heap after GC invocations=22 (full 0):
 garbage-first heap   total 524288K, used 3878K [0x0000000083800000, 0x0000000100000000)
  region size 1024K, 1 young (1024K), 1 survivors (1024K)
 Metaspace       used 5281K, committed 5440K, reserved 1056768K
  class space    used 662K, committed 704K, reserved 1048576K
}
Event: 1.840 GC heap before
{Heap before GC invocations=22 (full 0):
 garbage-first heap   total 524288K, used 317222K [0x0000000083800000, 0x0000000100000000)
  region size 1024K, 307 young (314368K), 1 survivors (1024K)
 Metaspace       used 5281K, committed 5440K, reserved 1056768K
  class space    used 662K, committed 704K, reserved 1048576K
}
Event: 1.841 GC heap after
{Heap after GC invocations=23 (full 0):
 garbage-first heap   total 524288K, used 3862K [0x0000000083800000, 0x0000000100000000)
  region size 1024K, 1 young (1024K), 1 survivors (1024K)
 Metaspace       used 5281K, committed 5440K, reserved 1056768K
  class space    used 662K, committed 704K, reserved 1048576K
}
Event: 1.910 GC heap before
{Heap before GC invocations=23 (full 0):
 garbage-first heap   total 524288K, used 317206K [0x0000000083800000, 0x0000000100000000)
  region size 1024K, 307 young (314368K), 1 survivors (1024K)
 Metaspace       used 5281K, committed 5440K, reserved 1056768K
  class space    used 662K, committed 704K, reserved 1048576K
}
Event: 1.911 GC heap after
{Heap after GC invocations=24 (full 0):
 garbage-first heap   total 524288K, used 3865K [0x0000000083800000, 0x0000000100000000)
  region size 1024K, 1 young (1024K), 1 survivors (1024K)
 Metaspace       used 5281K, committed 5440K, reserved 1056768K
  class space    used 662K, committed 704K, reserved 1048576K
}
Event: 1.975 GC heap before
{Heap before GC invocations=24 (full 0):
 garbage-first heap   total 524288K, used 317209K [0x0000000083800000, 0x0000000100000000)
  region size 1024K, 307 young (314368K), 1 survivors (1024K)
 Metaspace       used 5281K, committed 5440K, reserved 1056768K
  class space    used 662K, committed 704K, reserved 1048576K
}
Event: 1.976 GC heap after
{Heap after GC invocations=25 (full 0):
 garbage-first heap   total 524288K, used 3883K [0x0000000083800000, 0x0000000100000000)
  region size 1024K, 1 young (1024K), 1 survivors (1024K)
 Metaspace       used 5281K, committed 5440K, reserved 1056768K
  class space    used 662K, committed 704K, reserved 1048576K
}

